#
# There is insufficient memory for the Java Runtime Environment to continue.
# Native memory allocation (malloc) failed to allocate 2008336 bytes for Chunk::new
# Possible reasons:
#   The system is out of physical RAM or swap space
#   The process is running with CompressedOops enabled, and the Java Heap may be blocking the growth of the native heap
# Possible solutions:
#   Reduce memory load on the system
#   Increase physical memory or swap space
#   Check if swap backing store is full
#   Decrease Java heap size (-Xmx/-Xms)
#   Decrease number of Java threads
#   Decrease Java thread stack sizes (-Xss)
#   Set larger code cache with -XX:ReservedCodeCacheSize=
#   JVM is running with Unscaled Compressed Oops mode in which the Java heap is
#     placed in the first 4GB address space. The Java Heap base address is the
#     maximum limit for the native heap growth. Please use -XX:HeapBaseMinAddress
#     to set the Java Heap base and to place the Java Heap above 4GB virtual address.
# This output file may be truncated or incomplete.
#
#  Out of Memory Error (arena.cpp:189), pid=7576, tid=8312
#
# JRE version: Java(TM) SE Runtime Environment (17.0.2+8) (build 17.0.2+8-LTS-86)
# Java VM: Java HotSpot(TM) 64-Bit Server VM (17.0.2+8-LTS-86, mixed mode, sharing, tiered, compressed oops, compressed class ptrs, g1 gc, windows-amd64)
# No core dump will be written. Minidumps are not enabled by default on client versions of Windows
#

---------------  S U M M A R Y ------------

Command Line: -Dapplication.home=C:\Program Files\Java\jdk-17.0.2 --add-modules=ALL-DEFAULT -Xms8m -Djdk.module.main=jdk.compiler jdk.compiler/com.sun.tools.javac.Main -d C:\Users\miche\OneDrive\Documentos\NetBeansProjects\Cinemovie\Cinemovie\build\classes -classpath C:\Users\miche\OneDrive\Documentos\NetBeansProjects\Cinemovie\Cinemovie\build\classes;C:\Users\miche\Downloads\mysql-connector-java-8.0.30\mysql-connector-java-8.0.30\mysql-connector-java-8.0.30.jar -sourcepath C:\Users\miche\OneDrive\Documentos\NetBeansProjects\Cinemovie\Cinemovie\src -target 17 -encoding UTF-8 -g -processorpath C:\Users\miche\OneDrive\Downloads\mysql-connector-java-8.0.30\mysql-connector-java-8.0.30\mysql-connector-java-8.0.30.jar;C:\Users\miche\Downloads\mysql-connector-java-8.0.30\mysql-connector-java-8.0.30\mysql-connector-java-8.0.30.jar;C:\Users\miche\OneDrive\Documentos\NetBeansProjects\Cinemovie\Cinemovie\build\empty -s C:\Users\miche\OneDrive\Documentos\NetBeansProjects\Cinemovie\Cinemovie\build\generated-sources\ap-source-output -source 17 C:\Users\miche\OneDrive\Documentos\NetBeansProjects\Cinemovie\Cinemovie\src\mx\itson\cinemovie\presentacion\Actores.java

Host: Intel(R) Celeron(R) N4020 CPU @ 1.10GHz, 2 cores, 3G,  Windows 11 , 64 bit Build 22000 (10.0.22000.1219)
Time: Wed Nov 30 21:44:55 2022 Hora estándar Montañas, EE.UU. elapsed time: 2.985390 seconds (0d 0h 0m 2s)

---------------  T H R E A D  ---------------

Current thread (0x000001c849a21070):  JavaThread "C2 CompilerThread0" daemon [_thread_in_native, id=8312, stack(0x000000786a900000,0x000000786aa00000)]


Current CompileTask:
C2:   2985 1543   !   4       com.sun.tools.javac.jvm.ClassReader::classSigToType (497 bytes)

Stack: [0x000000786a900000,0x000000786aa00000]
Native frames: (J=compiled Java code, j=interpreted, Vv=VM code, C=native code)
V  [jvm.dll+0x670baa]
V  [jvm.dll+0x7cfcb4]
V  [jvm.dll+0x7d145e]
V  [jvm.dll+0x7d1ac3]
V  [jvm.dll+0x242bc5]
V  [jvm.dll+0xaa57b]
V  [jvm.dll+0xaab0c]
V  [jvm.dll+0x35fcb2]
V  [jvm.dll+0x32a331]
V  [jvm.dll+0x3297da]
V  [jvm.dll+0x215c91]
V  [jvm.dll+0x2150b1]
V  [jvm.dll+0x1a1bbd]
V  [jvm.dll+0x224908]
V  [jvm.dll+0x222a6c]
V  [jvm.dll+0x7859bb]
V  [jvm.dll+0x77ff7a]
V  [jvm.dll+0x66fa35]
C  [ucrtbase.dll+0x26c0c]
C  [KERNEL32.DLL+0x15550]
C  [ntdll.dll+0x485b]


---------------  P R O C E S S  ---------------

Threads class SMR info:
_java_thread_list=0x000001c864659e30, length=12, elements={
0x000001c84994f7c0, 0x000001c849a01430, 0x000001c849a01ef0, 0x000001c849a1b620,
0x000001c849a1def0, 0x000001c849a1e7b0, 0x000001c849a1f070, 0x000001c849a21070,
0x000001c849a23a30, 0x000001c86459a2a0, 0x000001c8499e66b0, 0x000001c8650313c0
}

Java Threads: ( => current thread )
  0x000001c84994f7c0 JavaThread "main" [_thread_in_vm, id=9584, stack(0x0000007869c00000,0x0000007869d00000)]
  0x000001c849a01430 JavaThread "Reference Handler" daemon [_thread_blocked, id=10944, stack(0x000000786a300000,0x000000786a400000)]
  0x000001c849a01ef0 JavaThread "Finalizer" daemon [_thread_blocked, id=540, stack(0x000000786a400000,0x000000786a500000)]
  0x000001c849a1b620 JavaThread "Signal Dispatcher" daemon [_thread_blocked, id=1260, stack(0x000000786a500000,0x000000786a600000)]
  0x000001c849a1def0 JavaThread "Attach Listener" daemon [_thread_blocked, id=2828, stack(0x000000786a600000,0x000000786a700000)]
  0x000001c849a1e7b0 JavaThread "Service Thread" daemon [_thread_blocked, id=11372, stack(0x000000786a700000,0x000000786a800000)]
  0x000001c849a1f070 JavaThread "Monitor Deflation Thread" daemon [_thread_blocked, id=6708, stack(0x000000786a800000,0x000000786a900000)]
=>0x000001c849a21070 JavaThread "C2 CompilerThread0" daemon [_thread_in_native, id=8312, stack(0x000000786a900000,0x000000786aa00000)]
  0x000001c849a23a30 JavaThread "C1 CompilerThread0" daemon [_thread_blocked, id=8316, stack(0x000000786aa00000,0x000000786ab00000)]
  0x000001c86459a2a0 JavaThread "Sweeper thread" daemon [_thread_blocked, id=11292, stack(0x000000786ab00000,0x000000786ac00000)]
  0x000001c8499e66b0 JavaThread "Common-Cleaner" daemon [_thread_blocked, id=11344, stack(0x000000786ac00000,0x000000786ad00000)]
  0x000001c8650313c0 JavaThread "Notification Thread" daemon [_thread_blocked, id=11612, stack(0x000000786ad00000,0x000000786ae00000)]

Other Threads:
  0x000001c8499fa3a0 VMThread "VM Thread" [stack: 0x000000786a200000,0x000000786a300000] [id=5912]
  0x000001c865031890 WatcherThread [stack: 0x000000786ae00000,0x000000786af00000] [id=2540]
  0x000001c84997b790 GCTaskThread "GC Thread#0" [stack: 0x0000007869d00000,0x0000007869e00000] [id=6240]
  0x000001c8651c1900 GCTaskThread "GC Thread#1" [stack: 0x000000786af00000,0x000000786b000000] [id=2324]
  0x000001c849984060 ConcurrentGCThread "G1 Main Marker" [stack: 0x0000007869e00000,0x0000007869f00000] [id=8612]
  0x000001c849984ae0 ConcurrentGCThread "G1 Conc#0" [stack: 0x0000007869f00000,0x000000786a000000] [id=2260]
  0x000001c8499953e0 ConcurrentGCThread "G1 Refine#0" [stack: 0x000000786a000000,0x000000786a100000] [id=7748]
  0x000001c849996e80 ConcurrentGCThread "G1 Service" [stack: 0x000000786a100000,0x000000786a200000] [id=11524]

Threads with active compile tasks:
C2 CompilerThread0     3024 1543   !   4       com.sun.tools.javac.jvm.ClassReader::classSigToType (497 bytes)

VM state: not at safepoint (normal execution)

VM Mutex/Monitor currently owned by a thread:  ([mutex/lock_event])
[0x000001c84994b530] MethodCompileQueue_lock - owner thread: 0x000001c84994f7c0

Heap address: 0x00000000c2c00000, size: 980 MB, Compressed Oops mode: 32-bit

CDS archive(s) mapped at: [0x0000000800000000-0x0000000800bc0000-0x0000000800bc0000), size 12320768, SharedBaseAddress: 0x0000000800000000, ArchiveRelocationMode: 0.
Compressed class space mapped at: 0x0000000800c00000-0x0000000840c00000, reserved size: 1073741824
Narrow klass base: 0x0000000800000000, Narrow klass shift: 0, Narrow klass range: 0x100000000

GC Precious Log:
 CPUs: 2 total, 2 available
 Memory: 3914M
 Large Page Support: Disabled
 NUMA Support: Disabled
 Compressed Oops: Enabled (32-bit)
 Heap Region Size: 1M
 Heap Min Capacity: 8M
 Heap Initial Capacity: 8M
 Heap Max Capacity: 980M
 Pre-touch: Disabled
 Parallel Workers: 2
 Concurrent Workers: 1
 Concurrent Refinement Workers: 2
 Periodic GC: Disabled

Heap:
 garbage-first heap   total 22528K, used 9132K [0x00000000c2c00000, 0x0000000100000000)
  region size 1024K, 2 young (2048K), 1 survivors (1024K)
 Metaspace       used 9658K, committed 9856K, reserved 1064960K
  class space    used 1096K, committed 1216K, reserved 1048576K

Heap Regions: E=young(eden), S=young(survivor), O=old, HS=humongous(starts), HC=humongous(continues), CS=collection set, F=free, OA=open archive, CA=closed archive, TAMS=top-at-mark-start (previous, next)
|   0|0x00000000c2c00000, 0x00000000c2d00000, 0x00000000c2d00000|100%| O|  |TAMS 0x00000000c2c00000, 0x00000000c2c00000| Untracked 
|   1|0x00000000c2d00000, 0x00000000c2e00000, 0x00000000c2e00000|100%| O|  |TAMS 0x00000000c2d00000, 0x00000000c2d00000| Untracked 
|   2|0x00000000c2e00000, 0x00000000c2f00000, 0x00000000c2f00000|100%| O|  |TAMS 0x00000000c2e00000, 0x00000000c2e00000| Untracked 
|   3|0x00000000c2f00000, 0x00000000c3000000, 0x00000000c3000000|100%| O|  |TAMS 0x00000000c2f00000, 0x00000000c2f00000| Untracked 
|   4|0x00000000c3000000, 0x00000000c3100000, 0x00000000c3100000|100%| O|  |TAMS 0x00000000c3000000, 0x00000000c3000000| Untracked 
|   5|0x00000000c3100000, 0x00000000c3200000, 0x00000000c3200000|100%| O|  |TAMS 0x00000000c3100000, 0x00000000c3100000| Untracked 
|   6|0x00000000c3200000, 0x00000000c3300000, 0x00000000c3300000|100%| O|  |TAMS 0x00000000c3200000, 0x00000000c3200000| Untracked 
|   7|0x00000000c3300000, 0x00000000c33eb200, 0x00000000c3400000| 91%| O|  |TAMS 0x00000000c3300000, 0x00000000c3300000| Untracked 
|   8|0x00000000c3400000, 0x00000000c3400000, 0x00000000c3500000|  0%| F|  |TAMS 0x00000000c3400000, 0x00000000c3400000| Untracked 
|   9|0x00000000c3500000, 0x00000000c3500000, 0x00000000c3600000|  0%| F|  |TAMS 0x00000000c3500000, 0x00000000c3500000| Untracked 
|  10|0x00000000c3600000, 0x00000000c3600000, 0x00000000c3700000|  0%| F|  |TAMS 0x00000000c3600000, 0x00000000c3600000| Untracked 
|  11|0x00000000c3700000, 0x00000000c3700000, 0x00000000c3800000|  0%| F|  |TAMS 0x00000000c3700000, 0x00000000c3700000| Untracked 
|  12|0x00000000c3800000, 0x00000000c3800000, 0x00000000c3900000|  0%| F|  |TAMS 0x00000000c3800000, 0x00000000c3800000| Untracked 
|  13|0x00000000c3900000, 0x00000000c3900000, 0x00000000c3a00000|  0%| F|  |TAMS 0x00000000c3900000, 0x00000000c3900000| Untracked 
|  14|0x00000000c3a00000, 0x00000000c3a00000, 0x00000000c3b00000|  0%| F|  |TAMS 0x00000000c3a00000, 0x00000000c3a00000| Untracked 
|  15|0x00000000c3b00000, 0x00000000c3c00000, 0x00000000c3c00000|100%| S|CS|TAMS 0x00000000c3b00000, 0x00000000c3b00000| Complete 
|  16|0x00000000c3c00000, 0x00000000c3c00000, 0x00000000c3d00000|  0%| F|  |TAMS 0x00000000c3c00000, 0x00000000c3c00000| Untracked 
|  17|0x00000000c3d00000, 0x00000000c3d00000, 0x00000000c3e00000|  0%| F|  |TAMS 0x00000000c3d00000, 0x00000000c3d00000| Untracked 
|  18|0x00000000c3e00000, 0x00000000c3e00000, 0x00000000c3f00000|  0%| F|  |TAMS 0x00000000c3e00000, 0x00000000c3e00000| Untracked 
|  19|0x00000000c3f00000, 0x00000000c3f00000, 0x00000000c4000000|  0%| F|  |TAMS 0x00000000c3f00000, 0x00000000c3f00000| Untracked 
|  20|0x00000000c4000000, 0x00000000c4000000, 0x00000000c4100000|  0%| F|  |TAMS 0x00000000c4000000, 0x00000000c4000000| Untracked 
|  21|0x00000000c4100000, 0x00000000c417fe18, 0x00000000c4200000| 49%| E|  |TAMS 0x00000000c4100000, 0x00000000c4100000| Complete 

Card table byte_map: [0x000001c849720000,0x000001c849910000] _byte_map_base: 0x000001c84910a000

Marking Bits (Prev, Next): (CMBitMap*) 0x000001c84997bcb0, (CMBitMap*) 0x000001c84997bcf0
 Prev Bits: [0x000001c8603a0000, 0x000001c8612f0000)
 Next Bits: [0x000001c8612f0000, 0x000001c862240000)

Polling page: 0x000001c8478f0000

Metaspace:

Usage:
  Non-class:      8.36 MB used.
      Class:      1.07 MB used.
       Both:      9.43 MB used.

Virtual space:
  Non-class space:       16.00 MB reserved,       8.44 MB ( 53%) committed,  2 nodes.
      Class space:        1.00 GB reserved,       1.19 MB ( <1%) committed,  1 nodes.
             Both:        1.02 GB reserved,       9.62 MB ( <1%) committed. 

Chunk freelists:
   Non-Class:  1.66 MB
       Class:  2.83 MB
        Both:  4.48 MB

MaxMetaspaceSize: unlimited
CompressedClassSpaceSize: 1.00 GB
Initial GC threshold: 21.00 MB
Current GC threshold: 21.00 MB
CDS: on
MetaspaceReclaimPolicy: balanced
 - commit_granule_bytes: 65536.
 - commit_granule_words: 8192.
 - virtual_space_node_default_size: 1048576.
 - enlarge_chunks_in_place: 1.
 - new_chunks_are_fully_committed: 0.
 - uncommit_free_chunks: 1.
 - use_allocation_guard: 0.
 - handle_deallocations: 1.


Internal statistics:

num_allocs_failed_limit: 0.
num_arena_births: 74.
num_arena_deaths: 0.
num_vsnodes_births: 3.
num_vsnodes_deaths: 0.
num_space_committed: 154.
num_space_uncommitted: 0.
num_chunks_returned_to_freelist: 0.
num_chunks_taken_from_freelist: 398.
num_chunk_merges: 0.
num_chunk_splits: 271.
num_chunks_enlarged: 210.
num_purges: 0.
num_inconsistent_stats: 0.

CodeHeap 'non-profiled nmethods': size=120064Kb used=498Kb max_used=498Kb free=119565Kb
 bounds [0x000001c858c70000, 0x000001c858ee0000, 0x000001c8601b0000]
CodeHeap 'profiled nmethods': size=120000Kb used=3151Kb max_used=3151Kb free=116848Kb
 bounds [0x000001c851740000, 0x000001c851a60000, 0x000001c858c70000]
CodeHeap 'non-nmethods': size=5696Kb used=1141Kb max_used=1161Kb free=4554Kb
 bounds [0x000001c8511b0000, 0x000001c851420000, 0x000001c851740000]
 total_blobs=2065 nmethods=1635 adapters=343
 compilation: enabled
              stopped_count=0, restarted_count=0
 full_count=0

Compilation events (20 events):
Event: 2.959 Thread 0x000001c849a23a30 1628       2       jdk.internal.org.objectweb.asm.SymbolTable::addConstantFieldref (10 bytes)
Event: 2.959 Thread 0x000001c849a23a30 nmethod 1628 0x000001c851a50210 code [0x000001c851a503a0, 0x000001c851a504e8]
Event: 2.960 Thread 0x000001c849a23a30 1629       1       com.sun.tools.javac.util.Iterators$1::hasNext (2 bytes)
Event: 2.960 Thread 0x000001c849a23a30 nmethod 1629 0x000001c858cec090 code [0x000001c858cec220, 0x000001c858cec2f8]
Event: 2.960 Thread 0x000001c849a23a30 1630       2       com.sun.tools.javac.util.ListBuffer$1::hasNext (16 bytes)
Event: 2.960 Thread 0x000001c849a23a30 nmethod 1630 0x000001c851a50590 code [0x000001c851a50720, 0x000001c851a50868]
Event: 2.968 Thread 0x000001c849a23a30 1631       2       java.lang.ref.SoftReference::<init> (13 bytes)
Event: 2.969 Thread 0x000001c849a23a30 nmethod 1631 0x000001c851a50910 code [0x000001c851a50aa0, 0x000001c851a50c78]
Event: 2.972 Thread 0x000001c849a23a30 1632   !   2       jdk.internal.misc.ScopedMemoryAccess::copyMemory (31 bytes)
Event: 2.973 Thread 0x000001c849a23a30 nmethod 1632 0x000001c851a50d10 code [0x000001c851a50ee0, 0x000001c851a511f8]
Event: 2.973 Thread 0x000001c849a23a30 1633       2       java.util.AbstractMap$SimpleEntry::<init> (15 bytes)
Event: 2.973 Thread 0x000001c849a23a30 nmethod 1633 0x000001c851a51410 code [0x000001c851a515a0, 0x000001c851a51758]
Event: 2.974 Thread 0x000001c849a23a30 1634       2       java.util.TimSort::sort (229 bytes)
Event: 2.974 Thread 0x000001c849a23a30 nmethod 1634 0x000001c851a51810 code [0x000001c851a51a20, 0x000001c851a51ef8]
Event: 2.978 Thread 0x000001c849a23a30 1635       2       com.sun.tools.javac.code.Type$ClassType::getTypeArguments (30 bytes)
Event: 2.978 Thread 0x000001c849a23a30 nmethod 1635 0x000001c851a52290 code [0x000001c851a52440, 0x000001c851a52608]
Event: 2.978 Thread 0x000001c849a23a30 1636       2       com.sun.tools.javac.code.Type$ClassType::allparams (30 bytes)
Event: 2.979 Thread 0x000001c849a23a30 nmethod 1636 0x000001c851a52710 code [0x000001c851a528e0, 0x000001c851a52af8]
Event: 2.979 Thread 0x000001c849a23a30 1637       2       com.sun.tools.javac.tree.JCTree$JCFieldAccess::accept (6 bytes)
Event: 2.979 Thread 0x000001c849a23a30 nmethod 1637 0x000001c851a52c10 code [0x000001c851a52da0, 0x000001c851a52ec8]

GC Heap History (20 events):
Event: 1.656 GC heap before
{Heap before GC invocations=5 (full 0):
 garbage-first heap   total 8192K, used 3878K [0x00000000c2c00000, 0x0000000100000000)
  region size 1024K, 2 young (2048K), 1 survivors (1024K)
 Metaspace       used 8158K, committed 8320K, reserved 1064960K
  class space    used 927K, committed 1024K, reserved 1048576K
}
Event: 1.659 GC heap after
{Heap after GC invocations=6 (full 0):
 garbage-first heap   total 10240K, used 3319K [0x00000000c2c00000, 0x0000000100000000)
  region size 1024K, 1 young (1024K), 1 survivors (1024K)
 Metaspace       used 8158K, committed 8320K, reserved 1064960K
  class space    used 927K, committed 1024K, reserved 1048576K
}
Event: 1.965 GC heap before
{Heap before GC invocations=6 (full 0):
 garbage-first heap   total 10240K, used 5367K [0x00000000c2c00000, 0x0000000100000000)
  region size 1024K, 3 young (3072K), 1 survivors (1024K)
 Metaspace       used 8788K, committed 9024K, reserved 1064960K
  class space    used 1009K, committed 1152K, reserved 1048576K
}
Event: 1.968 GC heap after
{Heap after GC invocations=7 (full 0):
 garbage-first heap   total 10240K, used 4129K [0x00000000c2c00000, 0x0000000100000000)
  region size 1024K, 1 young (1024K), 1 survivors (1024K)
 Metaspace       used 8788K, committed 9024K, reserved 1064960K
  class space    used 1009K, committed 1152K, reserved 1048576K
}
Event: 2.018 GC heap before
{Heap before GC invocations=7 (full 0):
 garbage-first heap   total 10240K, used 5153K [0x00000000c2c00000, 0x0000000100000000)
  region size 1024K, 2 young (2048K), 1 survivors (1024K)
 Metaspace       used 8817K, committed 9024K, reserved 1064960K
  class space    used 1009K, committed 1152K, reserved 1048576K
}
Event: 2.027 GC heap after
{Heap after GC invocations=8 (full 0):
 garbage-first heap   total 10240K, used 4422K [0x00000000c2c00000, 0x0000000100000000)
  region size 1024K, 1 young (1024K), 1 survivors (1024K)
 Metaspace       used 8817K, committed 9024K, reserved 1064960K
  class space    used 1009K, committed 1152K, reserved 1048576K
}
Event: 2.082 GC heap before
{Heap before GC invocations=8 (full 0):
 garbage-first heap   total 10240K, used 5446K [0x00000000c2c00000, 0x0000000100000000)
  region size 1024K, 2 young (2048K), 1 survivors (1024K)
 Metaspace       used 8869K, committed 9088K, reserved 1064960K
  class space    used 1009K, committed 1152K, reserved 1048576K
}
Event: 2.083 GC heap after
{Heap after GC invocations=9 (full 0):
 garbage-first heap   total 10240K, used 4417K [0x00000000c2c00000, 0x0000000100000000)
  region size 1024K, 1 young (1024K), 1 survivors (1024K)
 Metaspace       used 8869K, committed 9088K, reserved 1064960K
  class space    used 1009K, committed 1152K, reserved 1048576K
}
Event: 2.183 GC heap before
{Heap before GC invocations=9 (full 0):
 garbage-first heap   total 10240K, used 5441K [0x00000000c2c00000, 0x0000000100000000)
  region size 1024K, 2 young (2048K), 1 survivors (1024K)
 Metaspace       used 8994K, committed 9216K, reserved 1064960K
  class space    used 1026K, committed 1152K, reserved 1048576K
}
Event: 2.185 GC heap after
{Heap after GC invocations=10 (full 0):
 garbage-first heap   total 16384K, used 4579K [0x00000000c2c00000, 0x0000000100000000)
  region size 1024K, 1 young (1024K), 1 survivors (1024K)
 Metaspace       used 8994K, committed 9216K, reserved 1064960K
  class space    used 1026K, committed 1152K, reserved 1048576K
}
Event: 2.253 GC heap before
{Heap before GC invocations=10 (full 0):
 garbage-first heap   total 16384K, used 8675K [0x00000000c2c00000, 0x0000000100000000)
  region size 1024K, 5 young (5120K), 1 survivors (1024K)
 Metaspace       used 9047K, committed 9280K, reserved 1064960K
  class space    used 1029K, committed 1152K, reserved 1048576K
}
Event: 2.257 GC heap after
{Heap after GC invocations=11 (full 0):
 garbage-first heap   total 16384K, used 5225K [0x00000000c2c00000, 0x0000000100000000)
  region size 1024K, 1 young (1024K), 1 survivors (1024K)
 Metaspace       used 9047K, committed 9280K, reserved 1064960K
  class space    used 1029K, committed 1152K, reserved 1048576K
}
Event: 2.356 GC heap before
{Heap before GC invocations=11 (full 0):
 garbage-first heap   total 16384K, used 9321K [0x00000000c2c00000, 0x0000000100000000)
  region size 1024K, 5 young (5120K), 1 survivors (1024K)
 Metaspace       used 9114K, committed 9344K, reserved 1064960K
  class space    used 1035K, committed 1152K, reserved 1048576K
}
Event: 2.360 GC heap after
{Heap after GC invocations=12 (full 0):
 garbage-first heap   total 16384K, used 6085K [0x00000000c2c00000, 0x0000000100000000)
  region size 1024K, 1 young (1024K), 1 survivors (1024K)
 Metaspace       used 9114K, committed 9344K, reserved 1064960K
  class space    used 1035K, committed 1152K, reserved 1048576K
}
Event: 2.476 GC heap before
{Heap before GC invocations=12 (full 0):
 garbage-first heap   total 16384K, used 9157K [0x00000000c2c00000, 0x0000000100000000)
  region size 1024K, 4 young (4096K), 1 survivors (1024K)
 Metaspace       used 9211K, committed 9408K, reserved 1064960K
  class space    used 1045K, committed 1152K, reserved 1048576K
}
Event: 2.479 GC heap after
{Heap after GC invocations=13 (full 0):
 garbage-first heap   total 16384K, used 6692K [0x00000000c2c00000, 0x0000000100000000)
  region size 1024K, 1 young (1024K), 1 survivors (1024K)
 Metaspace       used 9211K, committed 9408K, reserved 1064960K
  class space    used 1045K, committed 1152K, reserved 1048576K
}
Event: 2.546 GC heap before
{Heap before GC invocations=13 (full 0):
 garbage-first heap   total 16384K, used 10788K [0x00000000c2c00000, 0x0000000100000000)
  region size 1024K, 5 young (5120K), 1 survivors (1024K)
 Metaspace       used 9212K, committed 9408K, reserved 1064960K
  class space    used 1045K, committed 1152K, reserved 1048576K
}
Event: 2.551 GC heap after
{Heap after GC invocations=14 (full 0):
 garbage-first heap   total 22528K, used 7662K [0x00000000c2c00000, 0x0000000100000000)
  region size 1024K, 1 young (1024K), 1 survivors (1024K)
 Metaspace       used 9212K, committed 9408K, reserved 1064960K
  class space    used 1045K, committed 1152K, reserved 1048576K
}
Event: 2.818 GC heap before
{Heap before GC invocations=14 (full 0):
 garbage-first heap   total 22528K, used 13806K [0x00000000c2c00000, 0x0000000100000000)
  region size 1024K, 7 young (7168K), 1 survivors (1024K)
 Metaspace       used 9393K, committed 9664K, reserved 1064960K
  class space    used 1068K, committed 1216K, reserved 1048576K
}
Event: 2.823 GC heap after
{Heap after GC invocations=15 (full 0):
 garbage-first heap   total 22528K, used 9132K [0x00000000c2c00000, 0x0000000100000000)
  region size 1024K, 1 young (1024K), 1 survivors (1024K)
 Metaspace       used 9393K, committed 9664K, reserved 1064960K
  class space    used 1068K, committed 1216K, reserved 1048576K
}

Deoptimization events (20 events):
Event: 1.888 Thread 0x000001c84994f7c0 DEOPT PACKING pc=0x000001c858caf5f4 sp=0x0000007869cfe540
Event: 1.888 Thread 0x000001c84994f7c0 DEOPT UNPACKING pc=0x000001c85120239d sp=0x0000007869cfe498 mode 2
Event: 2.141 Thread 0x000001c84994f7c0 Uncommon trap: trap_request=0xffffff45 fr.pc=0x000001c858cab060 relative=0x0000000000000060
Event: 2.141 Thread 0x000001c84994f7c0 Uncommon trap: reason=unstable_if action=reinterpret pc=0x000001c858cab060 method=com.sun.tools.javac.jvm.PoolReader.sizeof(I)I @ 1 c2
Event: 2.141 Thread 0x000001c84994f7c0 DEOPT PACKING pc=0x000001c858cab060 sp=0x0000007869cfe200
Event: 2.141 Thread 0x000001c84994f7c0 DEOPT UNPACKING pc=0x000001c85120239d sp=0x0000007869cfe190 mode 2
Event: 2.189 Thread 0x000001c84994f7c0 Uncommon trap: trap_request=0xffffff45 fr.pc=0x000001c858ccb908 relative=0x0000000000000828
Event: 2.189 Thread 0x000001c84994f7c0 Uncommon trap: reason=unstable_if action=reinterpret pc=0x000001c858ccb908 method=jdk.internal.jimage.ImageStringsReader.stringFromByteBuffer(Ljava/nio/ByteBuffer;I)Ljava/lang/String; @ 7 c2
Event: 2.189 Thread 0x000001c84994f7c0 DEOPT PACKING pc=0x000001c858ccb908 sp=0x0000007869cfdc10
Event: 2.189 Thread 0x000001c84994f7c0 DEOPT UNPACKING pc=0x000001c85120239d sp=0x0000007869cfda90 mode 2
Event: 2.189 Thread 0x000001c84994f7c0 Uncommon trap: trap_request=0xffffff45 fr.pc=0x000001c858cc4988 relative=0x0000000000000748
Event: 2.189 Thread 0x000001c84994f7c0 Uncommon trap: reason=unstable_if action=reinterpret pc=0x000001c858cc4988 method=jdk.internal.jimage.ImageStringsReader.stringFromByteBuffer(Ljava/nio/ByteBuffer;I)Ljava/lang/String; @ 7 c2
Event: 2.189 Thread 0x000001c84994f7c0 DEOPT PACKING pc=0x000001c858cc4988 sp=0x0000007869cfda80
Event: 2.189 Thread 0x000001c84994f7c0 DEOPT UNPACKING pc=0x000001c85120239d sp=0x0000007869cfda28 mode 2
Event: 2.305 Thread 0x000001c84994f7c0 Uncommon trap: trap_request=0xffffffde fr.pc=0x000001c858cb0ef0 relative=0x00000000000004b0
Event: 2.305 Thread 0x000001c84994f7c0 Uncommon trap: reason=class_check action=maybe_recompile pc=0x000001c858cb0ef0 method=java.util.HashMap.getNode(Ljava/lang/Object;)Ljava/util/HashMap$Node; @ 128 c2
Event: 2.305 Thread 0x000001c84994f7c0 DEOPT PACKING pc=0x000001c858cb0ef0 sp=0x0000007869cfe1d0
Event: 2.305 Thread 0x000001c84994f7c0 DEOPT UNPACKING pc=0x000001c85120239d sp=0x0000007869cfe0e8 mode 2
Event: 2.433 Thread 0x000001c84994f7c0 DEOPT PACKING pc=0x000001c8518798d6 sp=0x0000007869cfdd50
Event: 2.433 Thread 0x000001c84994f7c0 DEOPT UNPACKING pc=0x000001c851202b24 sp=0x0000007869cfd1f0 mode 0

Classes unloaded (0 events):
No events

Classes redefined (0 events):
No events

Internal exceptions (20 events):
Event: 2.106 Thread 0x000001c84994f7c0 Exception <a 'sun/nio/fs/WindowsException'{0x00000000c354bca0}> (0x00000000c354bca0) 
thrown [t:\workspace\open\src\hotspot\share\prims\jni.cpp, line 516]
Event: 2.108 Thread 0x000001c84994f7c0 Exception <a 'sun/nio/fs/WindowsException'{0x00000000c354fc28}> (0x00000000c354fc28) 
thrown [t:\workspace\open\src\hotspot\share\prims\jni.cpp, line 516]
Event: 2.112 Thread 0x000001c84994f7c0 Exception <a 'sun/nio/fs/WindowsException'{0x00000000c35532d8}> (0x00000000c35532d8) 
thrown [t:\workspace\open\src\hotspot\share\prims\jni.cpp, line 516]
Event: 2.114 Thread 0x000001c84994f7c0 Exception <a 'sun/nio/fs/WindowsException'{0x00000000c3556660}> (0x00000000c3556660) 
thrown [t:\workspace\open\src\hotspot\share\prims\jni.cpp, line 516]
Event: 2.116 Thread 0x000001c84994f7c0 Exception <a 'sun/nio/fs/WindowsException'{0x00000000c35595f8}> (0x00000000c35595f8) 
thrown [t:\workspace\open\src\hotspot\share\prims\jni.cpp, line 516]
Event: 2.121 Thread 0x000001c84994f7c0 Exception <a 'java/lang/NoSuchMethodError'{0x00000000c355f898}: 'int java.lang.invoke.DirectMethodHandle$Holder.invokeSpecial(java.lang.Object, java.lang.Object, java.lang.Object)'> (0x00000000c355f898) 
thrown [t:\workspace\open\src\hotspot\share\interpreter\linkResolver.cpp, line 766]
Event: 2.126 Thread 0x000001c84994f7c0 Exception <a 'sun/nio/fs/WindowsException'{0x00000000c356a350}> (0x00000000c356a350) 
thrown [t:\workspace\open\src\hotspot\share\prims\jni.cpp, line 516]
Event: 2.126 Thread 0x000001c84994f7c0 Exception <a 'sun/nio/fs/WindowsException'{0x00000000c356a6a0}> (0x00000000c356a6a0) 
thrown [t:\workspace\open\src\hotspot\share\prims\jni.cpp, line 516]
Event: 2.126 Thread 0x000001c84994f7c0 Exception <a 'sun/nio/fs/WindowsException'{0x00000000c356b708}> (0x00000000c356b708) 
thrown [t:\workspace\open\src\hotspot\share\prims\jni.cpp, line 516]
Event: 2.126 Thread 0x000001c84994f7c0 Exception <a 'sun/nio/fs/WindowsException'{0x00000000c356ba20}> (0x00000000c356ba20) 
thrown [t:\workspace\open\src\hotspot\share\prims\jni.cpp, line 516]
Event: 2.142 Thread 0x000001c84994f7c0 Exception <a 'java/lang/NoSuchMethodError'{0x00000000c35deab8}: 'java.lang.Object java.lang.invoke.DirectMethodHandle$Holder.invokeStatic(java.lang.Object, java.lang.Object, int, int)'> (0x00000000c35deab8) 
thrown [t:\workspace\open\src\hotspot\share\interpreter\linkResolver.cpp, line 766]
Event: 2.305 Thread 0x000001c84994f7c0 Exception <a 'sun/nio/fs/WindowsException'{0x00000000c3a78fb8}> (0x00000000c3a78fb8) 
thrown [t:\workspace\open\src\hotspot\share\prims\jni.cpp, line 516]
Event: 2.305 Thread 0x000001c84994f7c0 Exception <a 'sun/nio/fs/WindowsException'{0x00000000c3a79310}> (0x00000000c3a79310) 
thrown [t:\workspace\open\src\hotspot\share\prims\jni.cpp, line 516]
Event: 2.305 Thread 0x000001c84994f7c0 Exception <a 'sun/nio/fs/WindowsException'{0x00000000c3a7a388}> (0x00000000c3a7a388) 
thrown [t:\workspace\open\src\hotspot\share\prims\jni.cpp, line 516]
Event: 2.305 Thread 0x000001c84994f7c0 Exception <a 'sun/nio/fs/WindowsException'{0x00000000c3a7a6a8}> (0x00000000c3a7a6a8) 
thrown [t:\workspace\open\src\hotspot\share\prims\jni.cpp, line 516]
Event: 2.419 Thread 0x000001c84994f7c0 Exception <a 'sun/nio/fs/WindowsException'{0x00000000c393c310}> (0x00000000c393c310) 
thrown [t:\workspace\open\src\hotspot\share\prims\jni.cpp, line 516]
Event: 2.426 Thread 0x000001c84994f7c0 Exception <a 'sun/nio/fs/WindowsException'{0x00000000c3941170}> (0x00000000c3941170) 
thrown [t:\workspace\open\src\hotspot\share\prims\jni.cpp, line 516]
Event: 2.608 Thread 0x000001c84994f7c0 Exception <a 'java/lang/NoSuchMethodError'{0x00000000c406f3c8}: 'void java.lang.invoke.DirectMethodHandle$Holder.invokeSpecial(java.lang.Object, java.lang.Object, java.lang.Object, java.lang.Object, java.lang.Object)'> (0x00000000c406f3c8) 
thrown [t:\workspace\open\src\hotspot\share\interpreter\linkResolver.cpp, line 766]
Event: 2.692 Thread 0x000001c84994f7c0 Exception <a 'sun/nio/fs/WindowsException'{0x00000000c3ee8ef0}> (0x00000000c3ee8ef0) 
thrown [t:\workspace\open\src\hotspot\share\prims\jni.cpp, line 516]
Event: 2.697 Thread 0x000001c84994f7c0 Exception <a 'sun/nio/fs/WindowsException'{0x00000000c3eedb80}> (0x00000000c3eedb80) 
thrown [t:\workspace\open\src\hotspot\share\prims\jni.cpp, line 516]

VM Operations (20 events):
Event: 1.965 Executing VM operation: G1CollectForAllocation
Event: 1.969 Executing VM operation: G1CollectForAllocation done
Event: 2.018 Executing VM operation: G1CollectForAllocation
Event: 2.027 Executing VM operation: G1CollectForAllocation done
Event: 2.082 Executing VM operation: G1CollectForAllocation
Event: 2.083 Executing VM operation: G1CollectForAllocation done
Event: 2.183 Executing VM operation: G1CollectForAllocation
Event: 2.185 Executing VM operation: G1CollectForAllocation done
Event: 2.190 Executing VM operation: HandshakeAllThreads
Event: 2.190 Executing VM operation: HandshakeAllThreads done
Event: 2.253 Executing VM operation: G1CollectForAllocation
Event: 2.257 Executing VM operation: G1CollectForAllocation done
Event: 2.356 Executing VM operation: G1CollectForAllocation
Event: 2.360 Executing VM operation: G1CollectForAllocation done
Event: 2.476 Executing VM operation: G1CollectForAllocation
Event: 2.480 Executing VM operation: G1CollectForAllocation done
Event: 2.546 Executing VM operation: G1CollectForAllocation
Event: 2.551 Executing VM operation: G1CollectForAllocation done
Event: 2.818 Executing VM operation: G1CollectForAllocation
Event: 2.824 Executing VM operation: G1CollectForAllocation done

Events (20 events):
Event: 1.907 loading class java/util/stream/Node$OfDouble done
Event: 1.907 loading class java/util/stream/Nodes$EmptyNode$OfDouble done
Event: 1.907 loading class java/util/stream/Nodes$SpinedNodeBuilder
Event: 1.907 loading class java/util/stream/Node$Builder
Event: 1.907 loading class java/util/stream/Node$Builder done
Event: 1.907 loading class java/util/stream/Nodes$SpinedNodeBuilder done
Event: 1.908 loading class sun/nio/fs/WindowsPath$WindowsPathWithAttributes
Event: 1.908 loading class sun/nio/fs/WindowsPath$WindowsPathWithAttributes done
Event: 2.172 loading class java/lang/invoke/MethodHandle$1
Event: 2.172 loading class java/lang/invoke/MethodHandle$1 done
Event: 2.189 loading class jdk/internal/jimage/ImageReader$LinkNode
Event: 2.189 loading class jdk/internal/jimage/ImageReader$LinkNode done
Event: 2.915 loading class java/util/stream/ReduceOps$1
Event: 2.915 loading class java/util/stream/ReduceOps$1 done
Event: 2.915 loading class java/util/stream/ReduceOps$1ReducingSink
Event: 2.915 loading class java/util/stream/ReduceOps$1ReducingSink done
Event: 2.966 loading class java/util/stream/Nodes$FixedNodeBuilder
Event: 2.966 loading class java/util/stream/Nodes$ArrayNode
Event: 2.966 loading class java/util/stream/Nodes$ArrayNode done
Event: 2.966 loading class java/util/stream/Nodes$FixedNodeBuilder done


Dynamic libraries:
0x00007ff64c720000 - 0x00007ff64c728000 	C:\Program Files\Java\jdk-17.0.2\bin\javac.exe
0x00007ffd30120000 - 0x00007ffd30329000 	C:\WINDOWS\SYSTEM32\ntdll.dll
0x00007ffd2f120000 - 0x00007ffd2f1de000 	C:\WINDOWS\System32\KERNEL32.DLL
0x00007ffd2d8f0000 - 0x00007ffd2dc6b000 	C:\WINDOWS\System32\KERNELBASE.dll
0x00007ffd2dc70000 - 0x00007ffd2dd81000 	C:\WINDOWS\System32\ucrtbase.dll
0x00007ffd29590000 - 0x00007ffd295a8000 	C:\Program Files\Java\jdk-17.0.2\bin\jli.dll
0x00007ffd2e990000 - 0x00007ffd2ea3e000 	C:\WINDOWS\System32\ADVAPI32.dll
0x00007ffd2fad0000 - 0x00007ffd2fb73000 	C:\WINDOWS\System32\msvcrt.dll
0x00007ffd2fa30000 - 0x00007ffd2face000 	C:\WINDOWS\System32\sechost.dll
0x00007ffd2fe60000 - 0x00007ffd2ff80000 	C:\WINDOWS\System32\RPCRT4.dll
0x00007ffd2dfa0000 - 0x00007ffd2e14d000 	C:\WINDOWS\System32\USER32.dll
0x00007ffd2df70000 - 0x00007ffd2df96000 	C:\WINDOWS\System32\win32u.dll
0x00007ffd2ef50000 - 0x00007ffd2ef79000 	C:\WINDOWS\System32\GDI32.dll
0x00007ffd2d670000 - 0x00007ffd2d788000 	C:\WINDOWS\System32\gdi32full.dll
0x00007ffd2d790000 - 0x00007ffd2d82d000 	C:\WINDOWS\System32\msvcp_win.dll
0x00007ffd29550000 - 0x00007ffd2956a000 	C:\Program Files\Java\jdk-17.0.2\bin\VCRUNTIME140.dll
0x00007ffd102d0000 - 0x00007ffd10575000 	C:\WINDOWS\WinSxS\amd64_microsoft.windows.common-controls_6595b64144ccf1df_6.0.22000.120_none_9d947278b86cc467\COMCTL32.dll
0x00007ffd23dc0000 - 0x00007ffd23dca000 	C:\WINDOWS\SYSTEM32\VERSION.dll
0x00007ffd2eeb0000 - 0x00007ffd2eee2000 	C:\WINDOWS\System32\IMM32.DLL
0x00007ffd294c0000 - 0x00007ffd294cc000 	C:\Program Files\Java\jdk-17.0.2\bin\vcruntime140_1.dll
0x00007ffd1b6a0000 - 0x00007ffd1b72d000 	C:\Program Files\Java\jdk-17.0.2\bin\msvcp140.dll
0x00007ffcd7d30000 - 0x00007ffcd88f1000 	C:\Program Files\Java\jdk-17.0.2\bin\server\jvm.dll
0x00007ffd2f1e0000 - 0x00007ffd2f1e8000 	C:\WINDOWS\System32\PSAPI.DLL
0x00007ffcdd750000 - 0x00007ffcdd759000 	C:\WINDOWS\SYSTEM32\WSOCK32.dll
0x00007ffd2e230000 - 0x00007ffd2e29f000 	C:\WINDOWS\System32\WS2_32.dll
0x00007ffd27ac0000 - 0x00007ffd27af3000 	C:\WINDOWS\SYSTEM32\WINMM.dll
0x00007ffd2c670000 - 0x00007ffd2c688000 	C:\WINDOWS\SYSTEM32\kernel.appcore.dll
0x00007ffd29230000 - 0x00007ffd2923a000 	C:\Program Files\Java\jdk-17.0.2\bin\jimage.dll
0x00007ffd27890000 - 0x00007ffd27ab1000 	C:\WINDOWS\SYSTEM32\DBGHELP.DLL
0x00007ffd12ea0000 - 0x00007ffd12ed1000 	C:\WINDOWS\SYSTEM32\dbgcore.DLL
0x00007ffd2d5f0000 - 0x00007ffd2d66f000 	C:\WINDOWS\System32\bcryptPrimitives.dll
0x00007ffd1bef0000 - 0x00007ffd1bf15000 	C:\Program Files\Java\jdk-17.0.2\bin\java.dll
0x00007ffd1b880000 - 0x00007ffd1b956000 	C:\Program Files\Java\jdk-17.0.2\bin\jsvml.dll
0x00007ffd2f250000 - 0x00007ffd2fa08000 	C:\WINDOWS\System32\SHELL32.dll
0x00007ffd2b6e0000 - 0x00007ffd2bf45000 	C:\WINDOWS\SYSTEM32\windows.storage.dll
0x00007ffd2e2a0000 - 0x00007ffd2e618000 	C:\WINDOWS\System32\combase.dll
0x00007ffd2b570000 - 0x00007ffd2b6d6000 	C:\WINDOWS\SYSTEM32\wintypes.dll
0x00007ffd2f010000 - 0x00007ffd2f0fa000 	C:\WINDOWS\System32\SHCORE.dll
0x00007ffd2f1f0000 - 0x00007ffd2f24d000 	C:\WINDOWS\System32\shlwapi.dll
0x00007ffd2d520000 - 0x00007ffd2d541000 	C:\WINDOWS\SYSTEM32\profapi.dll
0x00007ffd25bf0000 - 0x00007ffd25c09000 	C:\Program Files\Java\jdk-17.0.2\bin\net.dll
0x00007ffd26a00000 - 0x00007ffd26b14000 	C:\WINDOWS\SYSTEM32\WINHTTP.dll
0x00007ffd2cb10000 - 0x00007ffd2cb77000 	C:\WINDOWS\system32\mswsock.dll
0x00007ffd23d40000 - 0x00007ffd23d56000 	C:\Program Files\Java\jdk-17.0.2\bin\nio.dll
0x00007ffd1ed60000 - 0x00007ffd1ed78000 	C:\Program Files\Java\jdk-17.0.2\bin\zip.dll

dbghelp: loaded successfully - version: 4.0.5 - missing functions: none
symbol engine: initialized successfully - sym options: 0x614 - pdb path: .;C:\Program Files\Java\jdk-17.0.2\bin;C:\WINDOWS\SYSTEM32;C:\WINDOWS\WinSxS\amd64_microsoft.windows.common-controls_6595b64144ccf1df_6.0.22000.120_none_9d947278b86cc467;C:\Program Files\Java\jdk-17.0.2\bin\server

VM Arguments:
jvm_args: -Dapplication.home=C:\Program Files\Java\jdk-17.0.2 --add-modules=ALL-DEFAULT -Xms8m -Djdk.module.main=jdk.compiler 
java_command: jdk.compiler/com.sun.tools.javac.Main -d C:\Users\miche\OneDrive\Documentos\NetBeansProjects\Cinemovie\Cinemovie\build\classes -classpath C:\Users\miche\OneDrive\Documentos\NetBeansProjects\Cinemovie\Cinemovie\build\classes;C:\Users\miche\Downloads\mysql-connector-java-8.0.30\mysql-connector-java-8.0.30\mysql-connector-java-8.0.30.jar -sourcepath C:\Users\miche\OneDrive\Documentos\NetBeansProjects\Cinemovie\Cinemovie\src -target 17 -encoding UTF-8 -g -processorpath C:\Users\miche\OneDrive\Downloads\mysql-connector-java-8.0.30\mysql-connector-java-8.0.30\mysql-connector-java-8.0.30.jar;C:\Users\miche\Downloads\mysql-connector-java-8.0.30\mysql-connector-java-8.0.30\mysql-connector-java-8.0.30.jar;C:\Users\miche\OneDrive\Documentos\NetBeansProjects\Cinemovie\Cinemovie\build\empty -s C:\Users\miche\OneDrive\Documentos\NetBeansProjects\Cinemovie\Cinemovie\build\generated-sources\ap-source-output -source 17 C:\Users\miche\OneDrive\Documentos\NetBeansProjects\Cinemovie\Cinemovie\src\mx\itson\cinemovie\presentacion\Actores.java
java_class_path (initial): <not set>
Launcher Type: SUN_STANDARD

[Global flags]
     intx CICompilerCount                          = 2                                         {product} {ergonomic}
     uint ConcGCThreads                            = 1                                         {product} {ergonomic}
     uint G1ConcRefinementThreads                  = 2                                         {product} {ergonomic}
   size_t G1HeapRegionSize                         = 1048576                                   {product} {ergonomic}
    uintx GCDrainStackTargetSize                   = 64                                        {product} {ergonomic}
   size_t InitialHeapSize                          = 8388608                                   {product} {command line}
   size_t MarkStackSize                            = 4194304                                   {product} {ergonomic}
   size_t MaxHeapSize                              = 1027604480                                {product} {ergonomic}
   size_t MaxNewSize                               = 616562688                                 {product} {ergonomic}
   size_t MinHeapDeltaBytes                        = 1048576                                   {product} {ergonomic}
   size_t MinHeapSize                              = 8388608                                   {product} {command line}
    uintx NonNMethodCodeHeapSize                   = 5826188                                {pd product} {ergonomic}
    uintx NonProfiledCodeHeapSize                  = 122916026                              {pd product} {ergonomic}
    uintx ProfiledCodeHeapSize                     = 122916026                              {pd product} {ergonomic}
    uintx ReservedCodeCacheSize                    = 251658240                              {pd product} {ergonomic}
     bool SegmentedCodeCache                       = true                                      {product} {ergonomic}
   size_t SoftMaxHeapSize                          = 1027604480                             {manageable} {ergonomic}
     bool UseCompressedClassPointers               = true                           {product lp64_product} {ergonomic}
     bool UseCompressedOops                        = true                           {product lp64_product} {ergonomic}
     bool UseG1GC                                  = true                                      {product} {ergonomic}
     bool UseLargePagesIndividualAllocation        = false                                  {pd product} {ergonomic}

Logging:
Log output configuration:
 #0: stdout all=warning uptime,level,tags
 #1: stderr all=off uptime,level,tags

Environment Variables:
PATH=C:\Program Files\Common Files\Oracle\Java\javapath;C:\Program Files (x86)\Common Files\Oracle\Java\javapath;C:\WINDOWS\system32;C:\WINDOWS;C:\WINDOWS\System32\Wbem;C:\WINDOWS\System32\WindowsPowerShell\v1.0\;C:\WINDOWS\System32\OpenSSH\;C:\Program Files\Git\cmd;C:\Program Files\Microsoft SQL Server\150\Tools\Binn\;C:\Program Files\Microsoft SQL Server\Client SDK\ODBC\170\Tools\Binn\;C:\Program Files\dotnet\;C:\Users\miche\AppData\Local\Microsoft\WindowsApps;C:\Users\miche\AppData\Local\GitHubDesktop\bin;C:\Users\miche\.dotnet\tools
USERNAME=miche
OS=Windows_NT
PROCESSOR_IDENTIFIER=Intel64 Family 6 Model 122 Stepping 8, GenuineIntel



---------------  S Y S T E M  ---------------

OS:
 Windows 11 , 64 bit Build 22000 (10.0.22000.1219)
OS uptime: 0 days 4:30 hours

CPU: total 2 (initial active 2) (2 cores per cpu, 1 threads per core) family 6 model 122 stepping 8 microcode 0x1c, cx8, cmov, fxsr, mmx, 3dnowpref, sse, sse2, sse3, ssse3, sse4.1, sse4.2, popcnt, tsc, tscinvbit, aes, erms, clmul, sha, clflush, clflushopt

Memory: 4k page, system-wide physical 3914M (224M free)
TotalPageFile size 7315M (AvailPageFile size 4M)
current process WorkingSet (physical memory assigned to process): 90M, peak: 90M
current process commit charge ("private bytes"): 114M, peak: 116M

vm_info: Java HotSpot(TM) 64-Bit Server VM (17.0.2+8-LTS-86) for windows-amd64 JRE (17.0.2+8-LTS-86), built on Dec  7 2021 21:51:03 by "mach5one" with MS VC++ 16.8 / 16.9 (VS2019)

END.
