#
# There is insufficient memory for the Java Runtime Environment to continue.
# Native memory allocation (mmap) failed to map 2097152 bytes for G1 virtual space
# Possible reasons:
#   The system is out of physical RAM or swap space
#   The process is running with CompressedOops enabled, and the Java Heap may be blocking the growth of the native heap
# Possible solutions:
#   Reduce memory load on the system
#   Increase physical memory or swap space
#   Check if swap backing store is full
#   Decrease Java heap size (-Xmx/-Xms)
#   Decrease number of Java threads
#   Decrease Java thread stack sizes (-Xss)
#   Set larger code cache with -XX:ReservedCodeCacheSize=
#   JVM is running with Unscaled Compressed Oops mode in which the Java heap is
#     placed in the first 4GB address space. The Java Heap base address is the
#     maximum limit for the native heap growth. Please use -XX:HeapBaseMinAddress
#     to set the Java Heap base and to place the Java Heap above 4GB virtual address.
# This output file may be truncated or incomplete.
#
#  Out of Memory Error (os_windows.cpp:3532), pid=6468, tid=10984
#
# JRE version: Java(TM) SE Runtime Environment (17.0.2+8) (build 17.0.2+8-LTS-86)
# Java VM: Java HotSpot(TM) 64-Bit Server VM (17.0.2+8-LTS-86, mixed mode, sharing, tiered, compressed oops, compressed class ptrs, g1 gc, windows-amd64)
# No core dump will be written. Minidumps are not enabled by default on client versions of Windows
#

---------------  S U M M A R Y ------------

Command Line: -Dapplication.home=C:\Program Files\Java\jdk-17.0.2 --add-modules=ALL-DEFAULT -Xms8m -Djdk.module.main=jdk.compiler jdk.compiler/com.sun.tools.javac.Main -d C:\Users\miche\OneDrive\Documentos\NetBeansProjects\Cinemovie\Cinemovie\build\classes -classpath C:\Users\miche\OneDrive\Documentos\NetBeansProjects\Cinemovie\Cinemovie\build\classes;C:\Users\miche\Downloads\mysql-connector-java-8.0.30\mysql-connector-java-8.0.30\mysql-connector-java-8.0.30.jar -sourcepath C:\Users\miche\OneDrive\Documentos\NetBeansProjects\Cinemovie\Cinemovie\src -target 17 -encoding UTF-8 -g -processorpath C:\Users\miche\OneDrive\Downloads\mysql-connector-java-8.0.30\mysql-connector-java-8.0.30\mysql-connector-java-8.0.30.jar;C:\Users\miche\Downloads\mysql-connector-java-8.0.30\mysql-connector-java-8.0.30\mysql-connector-java-8.0.30.jar;C:\Users\miche\OneDrive\Documentos\NetBeansProjects\Cinemovie\Cinemovie\build\empty -s C:\Users\miche\OneDrive\Documentos\NetBeansProjects\Cinemovie\Cinemovie\build\generated-sources\ap-source-output -source 17 C:\Users\miche\OneDrive\Documentos\NetBeansProjects\Cinemovie\Cinemovie\src\mx\itson\cinemovie\presentacion\Actores.java

Host: Intel(R) Celeron(R) N4020 CPU @ 1.10GHz, 2 cores, 3G,  Windows 11 , 64 bit Build 22000 (10.0.22000.1219)
Time: Wed Nov 30 21:46:24 2022 Hora estándar Montañas, EE.UU. elapsed time: 3.433099 seconds (0d 0h 0m 3s)

---------------  T H R E A D  ---------------

Current thread (0x0000020913f0a3a0):  VMThread "VM Thread" [stack: 0x0000005fbfc00000,0x0000005fbfd00000] [id=10984]

Stack: [0x0000005fbfc00000,0x0000005fbfd00000]
Native frames: (J=compiled Java code, j=interpreted, Vv=VM code, C=native code)
V  [jvm.dll+0x670baa]
V  [jvm.dll+0x7cfcb4]
V  [jvm.dll+0x7d145e]
V  [jvm.dll+0x7d1ac3]
V  [jvm.dll+0x242bc5]
V  [jvm.dll+0x66dac9]
V  [jvm.dll+0x662412]
V  [jvm.dll+0x300c0b]
V  [jvm.dll+0x3081a6]
V  [jvm.dll+0x357d0e]
V  [jvm.dll+0x357f3f]
V  [jvm.dll+0x2d7ec8]
V  [jvm.dll+0x2d6194]
V  [jvm.dll+0x2d579c]
V  [jvm.dll+0x3190eb]
V  [jvm.dll+0x7d5f9b]
V  [jvm.dll+0x7d6cd4]
V  [jvm.dll+0x7d71ec]
V  [jvm.dll+0x7d75c4]
V  [jvm.dll+0x7d7690]
V  [jvm.dll+0x77ff7a]
V  [jvm.dll+0x66fa35]
C  [ucrtbase.dll+0x26c0c]
C  [KERNEL32.DLL+0x15550]
C  [ntdll.dll+0x485b]

VM_Operation (0x0000005fbf6fdec0): G1CollectForAllocation, mode: safepoint, requested by thread 0x0000020913e5f7c0


---------------  P R O C E S S  ---------------

Threads class SMR info:
_java_thread_list=0x000002092eb6a480, length=12, elements={
0x0000020913e5f7c0, 0x0000020913f11430, 0x0000020913f11ef0, 0x0000020913f2b540,
0x0000020913f2de10, 0x0000020913f2e6d0, 0x0000020913f2ef90, 0x0000020913f30f90,
0x000002092eaacf20, 0x000002092eaad430, 0x0000020913ef66b0, 0x000002092f5c5280
}

Java Threads: ( => current thread )
  0x0000020913e5f7c0 JavaThread "main" [_thread_blocked, id=12248, stack(0x0000005fbf600000,0x0000005fbf700000)]
  0x0000020913f11430 JavaThread "Reference Handler" daemon [_thread_blocked, id=10756, stack(0x0000005fbfd00000,0x0000005fbfe00000)]
  0x0000020913f11ef0 JavaThread "Finalizer" daemon [_thread_blocked, id=6396, stack(0x0000005fbfe00000,0x0000005fbff00000)]
  0x0000020913f2b540 JavaThread "Signal Dispatcher" daemon [_thread_blocked, id=10804, stack(0x0000005fbff00000,0x0000005fc0000000)]
  0x0000020913f2de10 JavaThread "Attach Listener" daemon [_thread_blocked, id=10896, stack(0x0000005fc0000000,0x0000005fc0100000)]
  0x0000020913f2e6d0 JavaThread "Service Thread" daemon [_thread_blocked, id=8996, stack(0x0000005fc0100000,0x0000005fc0200000)]
  0x0000020913f2ef90 JavaThread "Monitor Deflation Thread" daemon [_thread_blocked, id=3484, stack(0x0000005fc0200000,0x0000005fc0300000)]
  0x0000020913f30f90 JavaThread "C2 CompilerThread0" daemon [_thread_blocked, id=6412, stack(0x0000005fc0300000,0x0000005fc0400000)]
  0x000002092eaacf20 JavaThread "C1 CompilerThread0" daemon [_thread_blocked, id=4400, stack(0x0000005fc0400000,0x0000005fc0500000)]
  0x000002092eaad430 JavaThread "Sweeper thread" daemon [_thread_blocked, id=5880, stack(0x0000005fc0500000,0x0000005fc0600000)]
  0x0000020913ef66b0 JavaThread "Common-Cleaner" daemon [_thread_blocked, id=10732, stack(0x0000005fc0600000,0x0000005fc0700000)]
  0x000002092f5c5280 JavaThread "Notification Thread" daemon [_thread_blocked, id=10360, stack(0x0000005fc0700000,0x0000005fc0800000)]

Other Threads:
=>0x0000020913f0a3a0 VMThread "VM Thread" [stack: 0x0000005fbfc00000,0x0000005fbfd00000] [id=10984]
  0x000002092f580e80 WatcherThread [stack: 0x0000005fc0800000,0x0000005fc0900000] [id=9004]
  0x0000020913e8b790 GCTaskThread "GC Thread#0" [stack: 0x0000005fbf700000,0x0000005fbf800000] [id=5888]
  0x000002092f6b4fb0 GCTaskThread "GC Thread#1" [stack: 0x0000005fc0900000,0x0000005fc0a00000] [id=12168]
  0x0000020913e94060 ConcurrentGCThread "G1 Main Marker" [stack: 0x0000005fbf800000,0x0000005fbf900000] [id=11812]
  0x0000020913e94980 ConcurrentGCThread "G1 Conc#0" [stack: 0x0000005fbf900000,0x0000005fbfa00000] [id=3000]
  0x0000020913ea53e0 ConcurrentGCThread "G1 Refine#0" [stack: 0x0000005fbfa00000,0x0000005fbfb00000] [id=5236]
  0x0000020913ea6e80 ConcurrentGCThread "G1 Service" [stack: 0x0000005fbfb00000,0x0000005fbfc00000] [id=10832]

Threads with active compile tasks:
C2 CompilerThread0     3600 1193 %     4       java.lang.StringCoding::hasNegatives @ 2 (25 bytes)

VM state: at safepoint (normal execution)

VM Mutex/Monitor currently owned by a thread:  ([mutex/lock_event])
[0x0000020913e5b530] Threads_lock - owner thread: 0x0000020913f0a3a0
[0x0000020913e59eb0] Heap_lock - owner thread: 0x0000020913e5f7c0

Heap address: 0x00000000c2c00000, size: 980 MB, Compressed Oops mode: 32-bit

CDS archive(s) mapped at: [0x0000000800000000-0x0000000800bc0000-0x0000000800bc0000), size 12320768, SharedBaseAddress: 0x0000000800000000, ArchiveRelocationMode: 0.
Compressed class space mapped at: 0x0000000800c00000-0x0000000840c00000, reserved size: 1073741824
Narrow klass base: 0x0000000800000000, Narrow klass shift: 0, Narrow klass range: 0x100000000

GC Precious Log:
 CPUs: 2 total, 2 available
 Memory: 3914M
 Large Page Support: Disabled
 NUMA Support: Disabled
 Compressed Oops: Enabled (32-bit)
 Heap Region Size: 1M
 Heap Min Capacity: 8M
 Heap Initial Capacity: 8M
 Heap Max Capacity: 980M
 Pre-touch: Disabled
 Parallel Workers: 2
 Concurrent Workers: 1
 Concurrent Refinement Workers: 2
 Periodic GC: Disabled

Heap:
 garbage-first heap   total 8192K, used 4387K [0x00000000c2c00000, 0x0000000100000000)
  region size 1024K, 1 young (1024K), 1 survivors (1024K)
 Metaspace       used 8832K, committed 9024K, reserved 1064960K
  class space    used 1011K, committed 1152K, reserved 1048576K

Heap Regions: E=young(eden), S=young(survivor), O=old, HS=humongous(starts), HC=humongous(continues), CS=collection set, F=free, OA=open archive, CA=closed archive, TAMS=top-at-mark-start (previous, next)
|   0|0x00000000c2c00000, 0x00000000c2d00000, 0x00000000c2d00000|100%| O|  |TAMS 0x00000000c2c00000, 0x00000000c2d00000| Untracked 
|   1|0x00000000c2d00000, 0x00000000c2e00000, 0x00000000c2e00000|100%| O|  |TAMS 0x00000000c2d00000, 0x00000000c2e00000| Untracked 
|   2|0x00000000c2e00000, 0x00000000c2f00000, 0x00000000c2f00000|100%| O|  |TAMS 0x00000000c2e00000, 0x00000000c2f00000| Untracked 
|   3|0x00000000c2f00000, 0x00000000c2fea200, 0x00000000c3000000| 91%| O|  |TAMS 0x00000000c2f00000, 0x00000000c2f66e00| Untracked 
|   4|0x00000000c3000000, 0x00000000c3000000, 0x00000000c3100000|  0%| F|  |TAMS 0x00000000c3000000, 0x00000000c3000000| Untracked 
|   5|0x00000000c3100000, 0x00000000c315ecb0, 0x00000000c3200000| 37%| S|CS|TAMS 0x00000000c3100000, 0x00000000c3100000| Complete 
|   6|0x00000000c3200000, 0x00000000c3200000, 0x00000000c3300000|  0%| F|  |TAMS 0x00000000c3200000, 0x00000000c3200000| Untracked 
|   7|0x00000000c3300000, 0x00000000c3300000, 0x00000000c3400000|  0%| F|  |TAMS 0x00000000c3300000, 0x00000000c3300000| Untracked 

Card table byte_map: [0x0000020913c30000,0x0000020913e20000] _byte_map_base: 0x000002091361a000

Marking Bits (Prev, Next): (CMBitMap*) 0x0000020913e8bcb0, (CMBitMap*) 0x0000020913e8bcf0
 Prev Bits: [0x000002092a8b0000, 0x000002092b800000)
 Next Bits: [0x000002092b800000, 0x000002092c750000)

Polling page: 0x0000020911dc0000

Metaspace:

Usage:
  Non-class:      7.64 MB used.
      Class:   1011.40 KB used.
       Both:      8.63 MB used.

Virtual space:
  Non-class space:       16.00 MB reserved,       7.69 MB ( 48%) committed,  2 nodes.
      Class space:        1.00 GB reserved,       1.12 MB ( <1%) committed,  1 nodes.
             Both:        1.02 GB reserved,       8.81 MB ( <1%) committed. 

Chunk freelists:
   Non-Class:  2.20 MB
       Class:  2.92 MB
        Both:  5.12 MB

MaxMetaspaceSize: unlimited
CompressedClassSpaceSize: 1.00 GB
Initial GC threshold: 21.00 MB
Current GC threshold: 21.00 MB
CDS: on
MetaspaceReclaimPolicy: balanced
 - commit_granule_bytes: 65536.
 - commit_granule_words: 8192.
 - virtual_space_node_default_size: 1048576.
 - enlarge_chunks_in_place: 1.
 - new_chunks_are_fully_committed: 0.
 - uncommit_free_chunks: 1.
 - use_allocation_guard: 0.
 - handle_deallocations: 1.


Internal statistics:

num_allocs_failed_limit: 0.
num_arena_births: 66.
num_arena_deaths: 0.
num_vsnodes_births: 3.
num_vsnodes_deaths: 0.
num_space_committed: 141.
num_space_uncommitted: 0.
num_chunks_returned_to_freelist: 0.
num_chunks_taken_from_freelist: 360.
num_chunk_merges: 0.
num_chunk_splits: 246.
num_chunks_enlarged: 190.
num_purges: 0.
num_inconsistent_stats: 0.

CodeHeap 'non-profiled nmethods': size=120064Kb used=335Kb max_used=335Kb free=119728Kb
 bounds [0x0000020923180000, 0x00000209233f0000, 0x000002092a6c0000]
CodeHeap 'profiled nmethods': size=120000Kb used=2234Kb max_used=2234Kb free=117765Kb
 bounds [0x000002091bc50000, 0x000002091bec0000, 0x0000020923180000]
CodeHeap 'non-nmethods': size=5696Kb used=1138Kb max_used=1156Kb free=4557Kb
 bounds [0x000002091b6c0000, 0x000002091b930000, 0x000002091bc50000]
 total_blobs=1621 nmethods=1194 adapters=341
 compilation: enabled
              stopped_count=0, restarted_count=0
 full_count=0

Compilation events (20 events):
Event: 3.387 Thread 0x000002092eaacf20 nmethod 1185 0x000002091be75e10 code [0x000002091be75fa0, 0x000002091be760e8]
Event: 3.387 Thread 0x000002092eaacf20 1186       3       java.util.ImmutableCollections$ListN::get (7 bytes)
Event: 3.387 Thread 0x000002092eaacf20 nmethod 1186 0x000002091be76190 code [0x000002091be76320, 0x000002091be76458]
Event: 3.387 Thread 0x000002092eaacf20 1187   !   3       java.util.ImmutableCollections$ListItr::next (34 bytes)
Event: 3.388 Thread 0x000002092eaacf20 nmethod 1187 0x000002091be76510 code [0x000002091be766c0, 0x000002091be76998]
Event: 3.388 Thread 0x000002092eaacf20 1188       3       com.sun.tools.javac.file.JavacFileManager::isValidFile (13 bytes)
Event: 3.388 Thread 0x000002092eaacf20 nmethod 1188 0x000002091be76b10 code [0x000002091be76cc0, 0x000002091be76ed8]
Event: 3.388 Thread 0x000002092eaacf20 1189       3       com.sun.tools.javac.file.RelativePath$RelativeFile::<init> (26 bytes)
Event: 3.388 Thread 0x0000020913f30f90 1192       4       java.lang.StringLatin1::indexOf (121 bytes)
Event: 3.389 Thread 0x000002092eaacf20 nmethod 1189 0x000002091be77010 code [0x000002091be772a0, 0x000002091be77d68]
Event: 3.389 Thread 0x000002092eaacf20 1190       3       com.sun.tools.javac.file.PathFileObject::forDirectoryPath (12 bytes)
Event: 3.389 Thread 0x000002092eaacf20 nmethod 1190 0x000002091be78190 code [0x000002091be78360, 0x000002091be788b8]
Event: 3.389 Thread 0x000002092eaacf20 1191   !   3       java.lang.String::replace (258 bytes)
Event: 3.392 Thread 0x000002092eaacf20 nmethod 1191 0x000002091be78a90 code [0x000002091be78f60, 0x000002091be7b2c8]
Event: 3.396 Thread 0x000002092eaacf20 1194       3       jdk.internal.jimage.ImageLocation::buildName (128 bytes)
Event: 3.397 Thread 0x000002092eaacf20 nmethod 1194 0x000002091be7c210 code [0x000002091be7c560, 0x000002091be7d4d8]
Event: 3.397 Thread 0x000002092eaacf20 1195       3       jdk.internal.jimage.ImageReader$Resource::create (17 bytes)
Event: 3.397 Thread 0x000002092eaacf20 nmethod 1195 0x000002091be7da10 code [0x000002091be7dc40, 0x000002091be7e558]
Event: 3.398 Thread 0x0000020913f30f90 nmethod 1192 0x00000209231d3610 code [0x00000209231d37a0, 0x00000209231d3c38]
Event: 3.398 Thread 0x0000020913f30f90 1193 %     4       java.lang.StringCoding::hasNegatives @ 2 (25 bytes)

GC Heap History (17 events):
Event: 1.068 GC heap before
{Heap before GC invocations=0 (full 0):
 garbage-first heap   total 8192K, used 3072K [0x00000000c2c00000, 0x0000000100000000)
  region size 1024K, 3 young (3072K), 0 survivors (0K)
 Metaspace       used 2811K, committed 3008K, reserved 1056768K
  class space    used 351K, committed 448K, reserved 1048576K
}
Event: 1.114 GC heap after
{Heap after GC invocations=1 (full 0):
 garbage-first heap   total 8192K, used 1156K [0x00000000c2c00000, 0x0000000100000000)
  region size 1024K, 1 young (1024K), 1 survivors (1024K)
 Metaspace       used 2811K, committed 3008K, reserved 1056768K
  class space    used 351K, committed 448K, reserved 1048576K
}
Event: 1.778 GC heap before
{Heap before GC invocations=1 (full 0):
 garbage-first heap   total 8192K, used 2180K [0x00000000c2c00000, 0x0000000100000000)
  region size 1024K, 2 young (2048K), 1 survivors (1024K)
 Metaspace       used 5179K, committed 5376K, reserved 1056768K
  class space    used 633K, committed 704K, reserved 1048576K
}
Event: 1.782 GC heap after
{Heap after GC invocations=2 (full 0):
 garbage-first heap   total 8192K, used 1766K [0x00000000c2c00000, 0x0000000100000000)
  region size 1024K, 1 young (1024K), 1 survivors (1024K)
 Metaspace       used 5179K, committed 5376K, reserved 1056768K
  class space    used 633K, committed 704K, reserved 1048576K
}
Event: 2.130 GC heap before
{Heap before GC invocations=2 (full 0):
 garbage-first heap   total 8192K, used 2790K [0x00000000c2c00000, 0x0000000100000000)
  region size 1024K, 2 young (2048K), 1 survivors (1024K)
 Metaspace       used 6638K, committed 6784K, reserved 1064960K
  class space    used 801K, committed 896K, reserved 1048576K
}
Event: 2.132 GC heap after
{Heap after GC invocations=3 (full 0):
 garbage-first heap   total 8192K, used 2152K [0x00000000c2c00000, 0x0000000100000000)
  region size 1024K, 1 young (1024K), 1 survivors (1024K)
 Metaspace       used 6638K, committed 6784K, reserved 1064960K
  class space    used 801K, committed 896K, reserved 1048576K
}
Event: 2.450 GC heap before
{Heap before GC invocations=3 (full 0):
 garbage-first heap   total 8192K, used 3176K [0x00000000c2c00000, 0x0000000100000000)
  region size 1024K, 2 young (2048K), 1 survivors (1024K)
 Metaspace       used 7676K, committed 7872K, reserved 1064960K
  class space    used 875K, committed 960K, reserved 1048576K
}
Event: 2.452 GC heap after
{Heap after GC invocations=4 (full 0):
 garbage-first heap   total 8192K, used 2473K [0x00000000c2c00000, 0x0000000100000000)
  region size 1024K, 1 young (1024K), 1 survivors (1024K)
 Metaspace       used 7676K, committed 7872K, reserved 1064960K
  class space    used 875K, committed 960K, reserved 1048576K
}
Event: 2.669 GC heap before
{Heap before GC invocations=4 (full 0):
 garbage-first heap   total 8192K, used 3497K [0x00000000c2c00000, 0x0000000100000000)
  region size 1024K, 2 young (2048K), 1 survivors (1024K)
 Metaspace       used 8008K, committed 8192K, reserved 1064960K
  class space    used 907K, committed 1024K, reserved 1048576K
}
Event: 2.672 GC heap after
{Heap after GC invocations=5 (full 0):
 garbage-first heap   total 8192K, used 2852K [0x00000000c2c00000, 0x0000000100000000)
  region size 1024K, 1 young (1024K), 1 survivors (1024K)
 Metaspace       used 8008K, committed 8192K, reserved 1064960K
  class space    used 907K, committed 1024K, reserved 1048576K
}
Event: 2.778 GC heap before
{Heap before GC invocations=5 (full 0):
 garbage-first heap   total 8192K, used 3876K [0x00000000c2c00000, 0x0000000100000000)
  region size 1024K, 2 young (2048K), 1 survivors (1024K)
 Metaspace       used 8168K, committed 8320K, reserved 1064960K
  class space    used 929K, committed 1024K, reserved 1048576K
}
Event: 2.781 GC heap after
{Heap after GC invocations=6 (full 0):
 garbage-first heap   total 8192K, used 3280K [0x00000000c2c00000, 0x0000000100000000)
  region size 1024K, 1 young (1024K), 1 survivors (1024K)
 Metaspace       used 8168K, committed 8320K, reserved 1064960K
  class space    used 929K, committed 1024K, reserved 1048576K
}
Event: 3.157 GC heap before
{Heap before GC invocations=6 (full 0):
 garbage-first heap   total 8192K, used 4304K [0x00000000c2c00000, 0x0000000100000000)
  region size 1024K, 2 young (2048K), 1 survivors (1024K)
 Metaspace       used 8539K, committed 8704K, reserved 1064960K
  class space    used 981K, committed 1024K, reserved 1048576K
}
Event: 3.161 GC heap after
{Heap after GC invocations=7 (full 0):
 garbage-first heap   total 8192K, used 4051K [0x00000000c2c00000, 0x0000000100000000)
  region size 1024K, 1 young (1024K), 1 survivors (1024K)
 Metaspace       used 8539K, committed 8704K, reserved 1064960K
  class space    used 981K, committed 1024K, reserved 1048576K
}
Event: 3.365 GC heap before
{Heap before GC invocations=7 (full 0):
 garbage-first heap   total 8192K, used 5075K [0x00000000c2c00000, 0x0000000100000000)
  region size 1024K, 2 young (2048K), 1 survivors (1024K)
 Metaspace       used 8802K, committed 9024K, reserved 1064960K
  class space    used 1011K, committed 1152K, reserved 1048576K
}
Event: 3.368 GC heap after
{Heap after GC invocations=8 (full 0):
 garbage-first heap   total 8192K, used 4130K [0x00000000c2c00000, 0x0000000100000000)
  region size 1024K, 1 young (1024K), 1 survivors (1024K)
 Metaspace       used 8802K, committed 9024K, reserved 1064960K
  class space    used 1011K, committed 1152K, reserved 1048576K
}
Event: 3.399 GC heap before
{Heap before GC invocations=8 (full 0):
 garbage-first heap   total 8192K, used 4130K [0x00000000c2c00000, 0x0000000100000000)
  region size 1024K, 2 young (2048K), 1 survivors (1024K)
 Metaspace       used 8832K, committed 9024K, reserved 1064960K
  class space    used 1011K, committed 1152K, reserved 1048576K
}

Deoptimization events (20 events):
Event: 3.149 Thread 0x0000020913e5f7c0 DEOPT PACKING pc=0x00000209231c3160 sp=0x0000005fbf6fe1c0
Event: 3.149 Thread 0x0000020913e5f7c0 DEOPT UNPACKING pc=0x000002091b71239d sp=0x0000005fbf6fe138 mode 2
Event: 3.149 Thread 0x0000020913e5f7c0 Uncommon trap: trap_request=0xffffffc6 fr.pc=0x00000209231c3160 relative=0x0000000000000580
Event: 3.149 Thread 0x0000020913e5f7c0 Uncommon trap: reason=bimorphic_or_optimized_type_check action=maybe_recompile pc=0x00000209231c3160 method=java.util.HashMap.getNode(Ljava/lang/Object;)Ljava/util/HashMap$Node; @ 128 c2
Event: 3.149 Thread 0x0000020913e5f7c0 DEOPT PACKING pc=0x00000209231c3160 sp=0x0000005fbf6fe250
Event: 3.149 Thread 0x0000020913e5f7c0 DEOPT UNPACKING pc=0x000002091b71239d sp=0x0000005fbf6fe1c8 mode 2
Event: 3.149 Thread 0x0000020913e5f7c0 Uncommon trap: trap_request=0xffffffc6 fr.pc=0x00000209231c3160 relative=0x0000000000000580
Event: 3.149 Thread 0x0000020913e5f7c0 Uncommon trap: reason=bimorphic_or_optimized_type_check action=maybe_recompile pc=0x00000209231c3160 method=java.util.HashMap.getNode(Ljava/lang/Object;)Ljava/util/HashMap$Node; @ 128 c2
Event: 3.149 Thread 0x0000020913e5f7c0 DEOPT PACKING pc=0x00000209231c3160 sp=0x0000005fbf6fe2c0
Event: 3.149 Thread 0x0000020913e5f7c0 DEOPT UNPACKING pc=0x000002091b71239d sp=0x0000005fbf6fe238 mode 2
Event: 3.149 Thread 0x0000020913e5f7c0 Uncommon trap: trap_request=0xffffffc6 fr.pc=0x00000209231c3160 relative=0x0000000000000580
Event: 3.149 Thread 0x0000020913e5f7c0 Uncommon trap: reason=bimorphic_or_optimized_type_check action=maybe_recompile pc=0x00000209231c3160 method=java.util.HashMap.getNode(Ljava/lang/Object;)Ljava/util/HashMap$Node; @ 128 c2
Event: 3.149 Thread 0x0000020913e5f7c0 DEOPT PACKING pc=0x00000209231c3160 sp=0x0000005fbf6fe1c0
Event: 3.149 Thread 0x0000020913e5f7c0 DEOPT UNPACKING pc=0x000002091b71239d sp=0x0000005fbf6fe138 mode 2
Event: 3.222 Thread 0x0000020913e5f7c0 DEOPT PACKING pc=0x000002091be28505 sp=0x0000005fbf6fe290
Event: 3.222 Thread 0x0000020913e5f7c0 DEOPT UNPACKING pc=0x000002091b712b24 sp=0x0000005fbf6fd728 mode 0
Event: 3.239 Thread 0x0000020913e5f7c0 Uncommon trap: trap_request=0xffffffde fr.pc=0x00000209231be290 relative=0x0000000000000790
Event: 3.239 Thread 0x0000020913e5f7c0 Uncommon trap: reason=class_check action=maybe_recompile pc=0x00000209231be290 method=java.util.HashMap.putVal(ILjava/lang/Object;Ljava/lang/Object;ZZ)Ljava/lang/Object; @ 203 c2
Event: 3.239 Thread 0x0000020913e5f7c0 DEOPT PACKING pc=0x00000209231be290 sp=0x0000005fbf6fe730
Event: 3.239 Thread 0x0000020913e5f7c0 DEOPT UNPACKING pc=0x000002091b71239d sp=0x0000005fbf6fe668 mode 2

Classes unloaded (0 events):
No events

Classes redefined (0 events):
No events

Internal exceptions (20 events):
Event: 0.865 Thread 0x0000020913e5f7c0 Exception <a 'java/lang/NoSuchMethodError'{0x00000000c319b8a0}: 'int java.lang.invoke.DirectMethodHandle$Holder.invokeVirtual(java.lang.Object, java.lang.Object, java.lang.Object)'> (0x00000000c319b8a0) 
thrown [t:\workspace\open\src\hotspot\share\interpreter\linkResolver.cpp, line 766]
Event: 0.866 Thread 0x0000020913e5f7c0 Exception <a 'java/lang/NoSuchMethodError'{0x00000000c31a1f00}: 'void java.lang.invoke.DirectMethodHandle$Holder.invokeInterface(java.lang.Object, java.lang.Object, java.lang.Object)'> (0x00000000c31a1f00) 
thrown [t:\workspace\open\src\hotspot\share\interpreter\linkResolver.cpp, line 766]
Event: 1.418 Thread 0x0000020913e5f7c0 Exception <a 'java/lang/NoSuchMethodError'{0x00000000c33b9cb0}: 'int java.lang.invoke.DirectMethodHandle$Holder.invokeStaticInit(java.lang.Object, java.lang.Object)'> (0x00000000c33b9cb0) 
thrown [t:\workspace\open\src\hotspot\share\interpreter\linkResolver.cpp, line 766]
Event: 1.995 Thread 0x0000020913e5f7c0 Exception <a 'java/lang/NoSuchMethodError'{0x00000000c335d090}: 'int java.lang.invoke.DirectMethodHandle$Holder.invokeVirtual(java.lang.Object, java.lang.Object)'> (0x00000000c335d090) 
thrown [t:\workspace\open\src\hotspot\share\interpreter\linkResolver.cpp, line 766]
Event: 2.022 Thread 0x0000020913e5f7c0 Exception <a 'java/lang/NoSuchMethodError'{0x00000000c3384d50}: 'java.lang.Object java.lang.invoke.DirectMethodHandle$Holder.newInvokeSpecial(java.lang.Object, java.lang.Object, java.lang.Object, java.lang.Object, java.lang.Object)'> (0x00000000c3384d50) 
thrown [t:\workspace\open\src\hotspot\share\interpreter\linkResolver.cpp, line 766]
Event: 2.033 Thread 0x0000020913e5f7c0 Exception <a 'java/lang/NoSuchMethodError'{0x00000000c33938c8}: 'java.lang.Object java.lang.invoke.DirectMethodHandle$Holder.newInvokeSpecial(java.lang.Object, java.lang.Object, java.lang.Object, java.lang.Object, java.lang.Object, java.lang.Object)'> (0x00000000c33938c8) 
thrown [t:\workspace\open\src\hotspot\share\interpreter\linkResolver.cpp, line 766]
Event: 2.083 Thread 0x0000020913e5f7c0 Exception <a 'sun/nio/fs/WindowsException'{0x00000000c33ddf98}> (0x00000000c33ddf98) 
thrown [t:\workspace\open\src\hotspot\share\prims\jni.cpp, line 516]
Event: 2.083 Thread 0x0000020913e5f7c0 Exception <a 'sun/nio/fs/WindowsException'{0x00000000c33de1d8}> (0x00000000c33de1d8) 
thrown [t:\workspace\open\src\hotspot\share\prims\jni.cpp, line 516]
Event: 2.088 Thread 0x0000020913e5f7c0 Exception <a 'java/lang/NoSuchMethodError'{0x00000000c33dfcb8}: 'java.lang.Object java.lang.invoke.DirectMethodHandle$Holder.invokeStaticInit(java.lang.Object)'> (0x00000000c33dfcb8) 
thrown [t:\workspace\open\src\hotspot\share\interpreter\linkResolver.cpp, line 766]
Event: 2.441 Thread 0x0000020913e5f7c0 Exception <a 'sun/nio/fs/WindowsException'{0x00000000c33e76d0}> (0x00000000c33e76d0) 
thrown [t:\workspace\open\src\hotspot\share\prims\jni.cpp, line 516]
Event: 2.441 Thread 0x0000020913e5f7c0 Exception <a 'sun/nio/fs/WindowsException'{0x00000000c33e7a30}> (0x00000000c33e7a30) 
thrown [t:\workspace\open\src\hotspot\share\prims\jni.cpp, line 516]
Event: 2.442 Thread 0x0000020913e5f7c0 Exception <a 'sun/nio/fs/WindowsException'{0x00000000c33e8700}> (0x00000000c33e8700) 
thrown [t:\workspace\open\src\hotspot\share\prims\jni.cpp, line 516]
Event: 2.442 Thread 0x0000020913e5f7c0 Exception <a 'sun/nio/fs/WindowsException'{0x00000000c33e8aa0}> (0x00000000c33e8aa0) 
thrown [t:\workspace\open\src\hotspot\share\prims\jni.cpp, line 516]
Event: 2.587 Thread 0x0000020913e5f7c0 Exception <a 'java/lang/NoSuchMethodError'{0x00000000c33ae388}: 'java.lang.Object java.lang.invoke.DirectMethodHandle$Holder.invokeVirtual(java.lang.Object, java.lang.Object, java.lang.Object, int, int)'> (0x00000000c33ae388) 
thrown [t:\workspace\open\src\hotspot\share\interpreter\linkResolver.cpp, line 766]
Event: 2.589 Thread 0x0000020913e5f7c0 Exception <a 'java/lang/NoSuchMethodError'{0x00000000c33b5458}: 'java.lang.Object java.lang.invoke.DirectMethodHandle$Holder.invokeVirtual(java.lang.Object, java.lang.Object, int)'> (0x00000000c33b5458) 
thrown [t:\workspace\open\src\hotspot\share\interpreter\linkResolver.cpp, line 766]
Event: 2.633 Thread 0x0000020913e5f7c0 Exception <a 'java/lang/NoSuchMethodError'{0x00000000c33ccd50}: 'java.lang.Object java.lang.invoke.DirectMethodHandle$Holder.invokeSpecial(java.lang.Object, java.lang.Object, java.lang.Object, int, int)'> (0x00000000c33ccd50) 
thrown [t:\workspace\open\src\hotspot\share\interpreter\linkResolver.cpp, line 766]
Event: 2.819 Thread 0x0000020913e5f7c0 Exception <a 'java/lang/NoSuchMethodError'{0x00000000c3308d98}: 'java.lang.Object java.lang.invoke.DirectMethodHandle$Holder.invokeInterface(java.lang.Object, java.lang.Object)'> (0x00000000c3308d98) 
thrown [t:\workspace\open\src\hotspot\share\interpreter\linkResolver.cpp, line 766]
Event: 3.242 Thread 0x0000020913e5f7c0 Exception <a 'java/lang/NoSuchMethodError'{0x00000000c3386a40}: 'void java.lang.invoke.DirectMethodHandle$Holder.invokeStatic(java.lang.Object, java.lang.Object)'> (0x00000000c3386a40) 
thrown [t:\workspace\open\src\hotspot\share\interpreter\linkResolver.cpp, line 766]
Event: 3.248 Thread 0x0000020913e5f7c0 Exception <a 'sun/nio/fs/WindowsException'{0x00000000c3390c78}> (0x00000000c3390c78) 
thrown [t:\workspace\open\src\hotspot\share\prims\jni.cpp, line 516]
Event: 3.298 Thread 0x0000020913e5f7c0 Exception <a 'sun/nio/fs/WindowsException'{0x00000000c33a33c0}> (0x00000000c33a33c0) 
thrown [t:\workspace\open\src\hotspot\share\prims\jni.cpp, line 516]

VM Operations (20 events):
Event: 0.811 Executing VM operation: HandshakeAllThreads done
Event: 1.067 Executing VM operation: G1CollectForAllocation
Event: 1.114 Executing VM operation: G1CollectForAllocation done
Event: 1.778 Executing VM operation: G1CollectForAllocation
Event: 1.782 Executing VM operation: G1CollectForAllocation done
Event: 2.130 Executing VM operation: G1CollectForAllocation
Event: 2.132 Executing VM operation: G1CollectForAllocation done
Event: 2.447 Executing VM operation: HandshakeAllThreads
Event: 2.447 Executing VM operation: HandshakeAllThreads done
Event: 2.450 Executing VM operation: G1CollectForAllocation
Event: 2.452 Executing VM operation: G1CollectForAllocation done
Event: 2.669 Executing VM operation: G1CollectForAllocation
Event: 2.672 Executing VM operation: G1CollectForAllocation done
Event: 2.778 Executing VM operation: G1CollectForAllocation
Event: 2.782 Executing VM operation: G1CollectForAllocation done
Event: 3.157 Executing VM operation: G1CollectForAllocation
Event: 3.161 Executing VM operation: G1CollectForAllocation done
Event: 3.365 Executing VM operation: G1CollectForAllocation
Event: 3.368 Executing VM operation: G1CollectForAllocation done
Event: 3.399 Executing VM operation: G1CollectForAllocation

Events (20 events):
Event: 3.274 loading class java/util/stream/Nodes$EmptyNode$OfInt
Event: 3.274 loading class java/util/stream/Node$OfInt
Event: 3.277 loading class java/util/stream/Node$OfPrimitive
Event: 3.278 loading class java/util/stream/Node$OfPrimitive done
Event: 3.278 loading class java/util/stream/Node$OfInt done
Event: 3.278 loading class java/util/stream/Nodes$EmptyNode$OfInt done
Event: 3.278 loading class java/util/stream/Nodes$EmptyNode$OfLong
Event: 3.278 loading class java/util/stream/Node$OfLong
Event: 3.278 loading class java/util/stream/Node$OfLong done
Event: 3.278 loading class java/util/stream/Nodes$EmptyNode$OfLong done
Event: 3.278 loading class java/util/stream/Nodes$EmptyNode$OfDouble
Event: 3.281 loading class java/util/stream/Node$OfDouble
Event: 3.290 loading class java/util/stream/Node$OfDouble done
Event: 3.290 loading class java/util/stream/Nodes$EmptyNode$OfDouble done
Event: 3.290 loading class java/util/stream/Nodes$SpinedNodeBuilder
Event: 3.293 loading class java/util/stream/Node$Builder
Event: 3.293 loading class java/util/stream/Node$Builder done
Event: 3.293 loading class java/util/stream/Nodes$SpinedNodeBuilder done
Event: 3.294 loading class sun/nio/fs/WindowsPath$WindowsPathWithAttributes
Event: 3.294 loading class sun/nio/fs/WindowsPath$WindowsPathWithAttributes done


Dynamic libraries:
0x00007ff7b1f20000 - 0x00007ff7b1f28000 	C:\Program Files\Java\jdk-17.0.2\bin\javac.exe
0x00007ffd30120000 - 0x00007ffd30329000 	C:\WINDOWS\SYSTEM32\ntdll.dll
0x00007ffd2f120000 - 0x00007ffd2f1de000 	C:\WINDOWS\System32\KERNEL32.DLL
0x00007ffd2d8f0000 - 0x00007ffd2dc6b000 	C:\WINDOWS\System32\KERNELBASE.dll
0x00007ffd2dc70000 - 0x00007ffd2dd81000 	C:\WINDOWS\System32\ucrtbase.dll
0x00007ffd29260000 - 0x00007ffd29278000 	C:\Program Files\Java\jdk-17.0.2\bin\jli.dll
0x00007ffd2e990000 - 0x00007ffd2ea3e000 	C:\WINDOWS\System32\ADVAPI32.dll
0x00007ffd2fad0000 - 0x00007ffd2fb73000 	C:\WINDOWS\System32\msvcrt.dll
0x00007ffd2fa30000 - 0x00007ffd2face000 	C:\WINDOWS\System32\sechost.dll
0x00007ffd2fe60000 - 0x00007ffd2ff80000 	C:\WINDOWS\System32\RPCRT4.dll
0x00007ffd2dfa0000 - 0x00007ffd2e14d000 	C:\WINDOWS\System32\USER32.dll
0x00007ffd2df70000 - 0x00007ffd2df96000 	C:\WINDOWS\System32\win32u.dll
0x00007ffd2ef50000 - 0x00007ffd2ef79000 	C:\WINDOWS\System32\GDI32.dll
0x00007ffd2d670000 - 0x00007ffd2d788000 	C:\WINDOWS\System32\gdi32full.dll
0x00007ffd2d790000 - 0x00007ffd2d82d000 	C:\WINDOWS\System32\msvcp_win.dll
0x00007ffd29550000 - 0x00007ffd2956a000 	C:\Program Files\Java\jdk-17.0.2\bin\VCRUNTIME140.dll
0x00007ffd102d0000 - 0x00007ffd10575000 	C:\WINDOWS\WinSxS\amd64_microsoft.windows.common-controls_6595b64144ccf1df_6.0.22000.120_none_9d947278b86cc467\COMCTL32.dll
0x00007ffd23dc0000 - 0x00007ffd23dca000 	C:\WINDOWS\SYSTEM32\VERSION.dll
0x00007ffd2eeb0000 - 0x00007ffd2eee2000 	C:\WINDOWS\System32\IMM32.DLL
0x00007ffd294c0000 - 0x00007ffd294cc000 	C:\Program Files\Java\jdk-17.0.2\bin\vcruntime140_1.dll
0x00007ffd1b6a0000 - 0x00007ffd1b72d000 	C:\Program Files\Java\jdk-17.0.2\bin\msvcp140.dll
0x00007ffcd7d30000 - 0x00007ffcd88f1000 	C:\Program Files\Java\jdk-17.0.2\bin\server\jvm.dll
0x00007ffd2f1e0000 - 0x00007ffd2f1e8000 	C:\WINDOWS\System32\PSAPI.DLL
0x00007ffcdd750000 - 0x00007ffcdd759000 	C:\WINDOWS\SYSTEM32\WSOCK32.dll
0x00007ffd2e230000 - 0x00007ffd2e29f000 	C:\WINDOWS\System32\WS2_32.dll
0x00007ffd27ac0000 - 0x00007ffd27af3000 	C:\WINDOWS\SYSTEM32\WINMM.dll
0x00007ffd2c670000 - 0x00007ffd2c688000 	C:\WINDOWS\SYSTEM32\kernel.appcore.dll
0x00007ffd29230000 - 0x00007ffd2923a000 	C:\Program Files\Java\jdk-17.0.2\bin\jimage.dll
0x00007ffd27890000 - 0x00007ffd27ab1000 	C:\WINDOWS\SYSTEM32\DBGHELP.DLL
0x00007ffd12ea0000 - 0x00007ffd12ed1000 	C:\WINDOWS\SYSTEM32\dbgcore.DLL
0x00007ffd2d5f0000 - 0x00007ffd2d66f000 	C:\WINDOWS\System32\bcryptPrimitives.dll
0x00007ffd1bef0000 - 0x00007ffd1bf15000 	C:\Program Files\Java\jdk-17.0.2\bin\java.dll
0x00007ffd1b880000 - 0x00007ffd1b956000 	C:\Program Files\Java\jdk-17.0.2\bin\jsvml.dll
0x00007ffd2f250000 - 0x00007ffd2fa08000 	C:\WINDOWS\System32\SHELL32.dll
0x00007ffd2b6e0000 - 0x00007ffd2bf45000 	C:\WINDOWS\SYSTEM32\windows.storage.dll
0x00007ffd2e2a0000 - 0x00007ffd2e618000 	C:\WINDOWS\System32\combase.dll
0x00007ffd2b570000 - 0x00007ffd2b6d6000 	C:\WINDOWS\SYSTEM32\wintypes.dll
0x00007ffd2f010000 - 0x00007ffd2f0fa000 	C:\WINDOWS\System32\SHCORE.dll
0x00007ffd2f1f0000 - 0x00007ffd2f24d000 	C:\WINDOWS\System32\shlwapi.dll
0x00007ffd2d520000 - 0x00007ffd2d541000 	C:\WINDOWS\SYSTEM32\profapi.dll
0x00007ffd25bf0000 - 0x00007ffd25c09000 	C:\Program Files\Java\jdk-17.0.2\bin\net.dll
0x00007ffd26a00000 - 0x00007ffd26b14000 	C:\WINDOWS\SYSTEM32\WINHTTP.dll
0x00007ffd2cb10000 - 0x00007ffd2cb77000 	C:\WINDOWS\system32\mswsock.dll
0x00007ffd23d40000 - 0x00007ffd23d56000 	C:\Program Files\Java\jdk-17.0.2\bin\nio.dll
0x00007ffd1ed60000 - 0x00007ffd1ed78000 	C:\Program Files\Java\jdk-17.0.2\bin\zip.dll

dbghelp: loaded successfully - version: 4.0.5 - missing functions: none
symbol engine: initialized successfully - sym options: 0x614 - pdb path: .;C:\Program Files\Java\jdk-17.0.2\bin;C:\WINDOWS\SYSTEM32;C:\WINDOWS\WinSxS\amd64_microsoft.windows.common-controls_6595b64144ccf1df_6.0.22000.120_none_9d947278b86cc467;C:\Program Files\Java\jdk-17.0.2\bin\server

VM Arguments:
jvm_args: -Dapplication.home=C:\Program Files\Java\jdk-17.0.2 --add-modules=ALL-DEFAULT -Xms8m -Djdk.module.main=jdk.compiler 
java_command: jdk.compiler/com.sun.tools.javac.Main -d C:\Users\miche\OneDrive\Documentos\NetBeansProjects\Cinemovie\Cinemovie\build\classes -classpath C:\Users\miche\OneDrive\Documentos\NetBeansProjects\Cinemovie\Cinemovie\build\classes;C:\Users\miche\Downloads\mysql-connector-java-8.0.30\mysql-connector-java-8.0.30\mysql-connector-java-8.0.30.jar -sourcepath C:\Users\miche\OneDrive\Documentos\NetBeansProjects\Cinemovie\Cinemovie\src -target 17 -encoding UTF-8 -g -processorpath C:\Users\miche\OneDrive\Downloads\mysql-connector-java-8.0.30\mysql-connector-java-8.0.30\mysql-connector-java-8.0.30.jar;C:\Users\miche\Downloads\mysql-connector-java-8.0.30\mysql-connector-java-8.0.30\mysql-connector-java-8.0.30.jar;C:\Users\miche\OneDrive\Documentos\NetBeansProjects\Cinemovie\Cinemovie\build\empty -s C:\Users\miche\OneDrive\Documentos\NetBeansProjects\Cinemovie\Cinemovie\build\generated-sources\ap-source-output -source 17 C:\Users\miche\OneDrive\Documentos\NetBeansProjects\Cinemovie\Cinemovie\src\mx\itson\cinemovie\presentacion\Actores.java
java_class_path (initial): <not set>
Launcher Type: SUN_STANDARD

[Global flags]
     intx CICompilerCount                          = 2                                         {product} {ergonomic}
     uint ConcGCThreads                            = 1                                         {product} {ergonomic}
     uint G1ConcRefinementThreads                  = 2                                         {product} {ergonomic}
   size_t G1HeapRegionSize                         = 1048576                                   {product} {ergonomic}
    uintx GCDrainStackTargetSize                   = 64                                        {product} {ergonomic}
   size_t InitialHeapSize                          = 8388608                                   {product} {command line}
   size_t MarkStackSize                            = 4194304                                   {product} {ergonomic}
   size_t MaxHeapSize                              = 1027604480                                {product} {ergonomic}
   size_t MaxNewSize                               = 616562688                                 {product} {ergonomic}
   size_t MinHeapDeltaBytes                        = 1048576                                   {product} {ergonomic}
   size_t MinHeapSize                              = 8388608                                   {product} {command line}
    uintx NonNMethodCodeHeapSize                   = 5826188                                {pd product} {ergonomic}
    uintx NonProfiledCodeHeapSize                  = 122916026                              {pd product} {ergonomic}
    uintx ProfiledCodeHeapSize                     = 122916026                              {pd product} {ergonomic}
    uintx ReservedCodeCacheSize                    = 251658240                              {pd product} {ergonomic}
     bool SegmentedCodeCache                       = true                                      {product} {ergonomic}
   size_t SoftMaxHeapSize                          = 1027604480                             {manageable} {ergonomic}
     bool UseCompressedClassPointers               = true                           {product lp64_product} {ergonomic}
     bool UseCompressedOops                        = true                           {product lp64_product} {ergonomic}
     bool UseG1GC                                  = true                                      {product} {ergonomic}
     bool UseLargePagesIndividualAllocation        = false                                  {pd product} {ergonomic}

Logging:
Log output configuration:
 #0: stdout all=warning uptime,level,tags
 #1: stderr all=off uptime,level,tags

Environment Variables:
PATH=C:\Program Files\Common Files\Oracle\Java\javapath;C:\Program Files (x86)\Common Files\Oracle\Java\javapath;C:\WINDOWS\system32;C:\WINDOWS;C:\WINDOWS\System32\Wbem;C:\WINDOWS\System32\WindowsPowerShell\v1.0\;C:\WINDOWS\System32\OpenSSH\;C:\Program Files\Git\cmd;C:\Program Files\Microsoft SQL Server\150\Tools\Binn\;C:\Program Files\Microsoft SQL Server\Client SDK\ODBC\170\Tools\Binn\;C:\Program Files\dotnet\;C:\Users\miche\AppData\Local\Microsoft\WindowsApps;C:\Users\miche\AppData\Local\GitHubDesktop\bin;C:\Users\miche\.dotnet\tools
USERNAME=miche
OS=Windows_NT
PROCESSOR_IDENTIFIER=Intel64 Family 6 Model 122 Stepping 8, GenuineIntel



---------------  S Y S T E M  ---------------

OS:
 Windows 11 , 64 bit Build 22000 (10.0.22000.1219)
OS uptime: 0 days 4:32 hours

CPU: total 2 (initial active 2) (2 cores per cpu, 1 threads per core) family 6 model 122 stepping 8 microcode 0x1c, cx8, cmov, fxsr, mmx, 3dnowpref, sse, sse2, sse3, ssse3, sse4.1, sse4.2, popcnt, tsc, tscinvbit, aes, erms, clmul, sha, clflush, clflushopt

Memory: 4k page, system-wide physical 3914M (250M free)
TotalPageFile size 7315M (AvailPageFile size 6M)
current process WorkingSet (physical memory assigned to process): 65M, peak: 65M
current process commit charge ("private bytes"): 89M, peak: 91M

vm_info: Java HotSpot(TM) 64-Bit Server VM (17.0.2+8-LTS-86) for windows-amd64 JRE (17.0.2+8-LTS-86), built on Dec  7 2021 21:51:03 by "mach5one" with MS VC++ 16.8 / 16.9 (VS2019)

END.
