#
# There is insufficient memory for the Java Runtime Environment to continue.
# Native memory allocation (mmap) failed to map 65536 bytes for Failed to commit metaspace.
# Possible reasons:
#   The system is out of physical RAM or swap space
#   The process is running with CompressedOops enabled, and the Java Heap may be blocking the growth of the native heap
# Possible solutions:
#   Reduce memory load on the system
#   Increase physical memory or swap space
#   Check if swap backing store is full
#   Decrease Java heap size (-Xmx/-Xms)
#   Decrease number of Java threads
#   Decrease Java thread stack sizes (-Xss)
#   Set larger code cache with -XX:ReservedCodeCacheSize=
#   JVM is running with Unscaled Compressed Oops mode in which the Java heap is
#     placed in the first 4GB address space. The Java Heap base address is the
#     maximum limit for the native heap growth. Please use -XX:HeapBaseMinAddress
#     to set the Java Heap base and to place the Java Heap above 4GB virtual address.
# This output file may be truncated or incomplete.
#
#  Out of Memory Error (virtualSpaceNode.cpp:110), pid=11704, tid=2324
#
# JRE version:  (17.0.2+8) (build )
# Java VM: Java HotSpot(TM) 64-Bit Server VM (17.0.2+8-LTS-86, mixed mode, tiered, compressed oops, compressed class ptrs, g1 gc, windows-amd64)
# No core dump will be written. Minidumps are not enabled by default on client versions of Windows
#

---------------  S U M M A R Y ------------

Command Line: -Dapplication.home=C:\Program Files\Java\jdk-17.0.2 --add-modules=ALL-DEFAULT -Xms8m -Djdk.module.main=jdk.compiler jdk.compiler/com.sun.tools.javac.Main -d C:\Users\miche\OneDrive\Documentos\NetBeansProjects\Cinemovie\Cinemovie\build\classes -classpath C:\Users\miche\OneDrive\Documentos\NetBeansProjects\Cinemovie\Cinemovie\build\classes;C:\Users\miche\Downloads\mysql-connector-java-8.0.30\mysql-connector-java-8.0.30\mysql-connector-java-8.0.30.jar -sourcepath C:\Users\miche\OneDrive\Documentos\NetBeansProjects\Cinemovie\Cinemovie\src -target 17 -encoding UTF-8 -g -processorpath C:\Users\miche\OneDrive\Downloads\mysql-connector-java-8.0.30\mysql-connector-java-8.0.30\mysql-connector-java-8.0.30.jar;C:\Users\miche\Downloads\mysql-connector-java-8.0.30\mysql-connector-java-8.0.30\mysql-connector-java-8.0.30.jar;C:\Users\miche\OneDrive\Documentos\NetBeansProjects\Cinemovie\Cinemovie\build\empty -s C:\Users\miche\OneDrive\Documentos\NetBeansProjects\Cinemovie\Cinemovie\build\generated-sources\ap-source-output -source 17 C:\Users\miche\OneDrive\Documentos\NetBeansProjects\Cinemovie\Cinemovie\src\mx\itson\cinemovie\presentacion\Actores.java

Host: Intel(R) Celeron(R) N4020 CPU @ 1.10GHz, 2 cores, 3G,  Windows 11 , 64 bit Build 22000 (10.0.22000.1219)
Time: Wed Nov 30 20:59:03 2022 Hora estándar Montañas, EE.UU. elapsed time: 0.111263 seconds (0d 0h 0m 0s)

---------------  T H R E A D  ---------------

Current thread (0x00000164c925f600):  JavaThread "main" [_thread_in_vm, id=2324, stack(0x000000303e500000,0x000000303e600000)]

Stack: [0x000000303e500000,0x000000303e600000]
Native frames: (J=compiled Java code, j=interpreted, Vv=VM code, C=native code)
V  [jvm.dll+0x670baa]
V  [jvm.dll+0x7cfcb4]
V  [jvm.dll+0x7d145e]
V  [jvm.dll+0x7d1ac3]
V  [jvm.dll+0x242bc5]
V  [jvm.dll+0x7cbc5b]
V  [jvm.dll+0x616966]
V  [jvm.dll+0x6169ca]
V  [jvm.dll+0x6191da]
V  [jvm.dll+0x617306]
V  [jvm.dll+0x1e82de]
V  [jvm.dll+0x1e8d9f]
V  [jvm.dll+0x1de251]
V  [jvm.dll+0x537c30]
V  [jvm.dll+0x1eea37]
V  [jvm.dll+0x74a15b]
V  [jvm.dll+0x74b502]
V  [jvm.dll+0x74b838]
V  [jvm.dll+0x23af1e]
V  [jvm.dll+0x23b16f]
V  [jvm.dll+0x555aa8]
V  [jvm.dll+0x558910]
V  [jvm.dll+0x37f357]
V  [jvm.dll+0x37e9af]
C  0x00000164d0ada1df

Java frames: (J=compiled Java code, j=interpreted, Vv=VM code)
j  java.lang.StringLatin1.newString([BII)Ljava/lang/String;+16 java.base
j  java.lang.String.substring(II)Ljava/lang/String;+41 java.base
j  jdk.internal.misc.VM.saveProperties(Ljava/util/Map;)V+134 java.base
j  java.lang.System.initPhase1()V+12 java.base
v  ~StubRoutines::call_stub

---------------  P R O C E S S  ---------------

Threads class SMR info:
_java_thread_list=0x0000016480128cd0, length=3, elements={
0x00000164c925f600, 0x000001648013d150, 0x00000164800ee7b0
}

Java Threads: ( => current thread )
=>0x00000164c925f600 JavaThread "main" [_thread_in_vm, id=2324, stack(0x000000303e500000,0x000000303e600000)]
  0x000001648013d150 JavaThread "Reference Handler" daemon [_thread_blocked, id=9332, stack(0x000000303ec00000,0x000000303ed00000)]
  0x00000164800ee7b0 JavaThread "Finalizer" daemon [_thread_blocked, id=9340, stack(0x000000303ed00000,0x000000303ee00000)]

Other Threads:
  0x00000164c932d930 VMThread "VM Thread" [stack: 0x000000303eb00000,0x000000303ec00000] [id=11604]
  0x00000164c928b830 GCTaskThread "GC Thread#0" [stack: 0x000000303e600000,0x000000303e700000] [id=5116]
  0x00000164c9294100 ConcurrentGCThread "G1 Main Marker" [stack: 0x000000303e700000,0x000000303e800000] [id=7260]
  0x00000164c9294b80 ConcurrentGCThread "G1 Conc#0" [stack: 0x000000303e800000,0x000000303e900000] [id=7636]
  0x00000164c92a62d0 ConcurrentGCThread "G1 Refine#0" [stack: 0x000000303e900000,0x000000303ea00000] [id=10132]
  0x00000164c92a7c10 ConcurrentGCThread "G1 Service" [stack: 0x000000303ea00000,0x000000303eb00000] [id=11332]

Threads with active compile tasks:

VM state: not at safepoint (normal execution)

VM Mutex/Monitor currently owned by a thread:  ([mutex/lock_event])
[0x00000164c9259040] Metaspace_lock - owner thread: 0x00000164c925f600

Heap address: 0x00000000c2c00000, size: 980 MB, Compressed Oops mode: 32-bit

CDS archive(s) not mapped
Compressed class space mapped at: 0x0000000100000000-0x0000000140000000, reserved size: 1073741824
Narrow klass base: 0x0000000000000000, Narrow klass shift: 3, Narrow klass range: 0x140000000

GC Precious Log:
 CPUs: 2 total, 2 available
 Memory: 3914M
 Large Page Support: Disabled
 NUMA Support: Disabled
 Compressed Oops: Enabled (32-bit)
 Heap Region Size: 1M
 Heap Min Capacity: 8M
 Heap Initial Capacity: 8M
 Heap Max Capacity: 980M
 Pre-touch: Disabled
 Parallel Workers: 2
 Concurrent Workers: 1
 Concurrent Refinement Workers: 2
 Periodic GC: Disabled

Heap:
 garbage-first heap   total 8192K, used 0K [0x00000000c2c00000, 0x0000000100000000)
  region size 1024K, 1 young (1024K), 0 survivors (0K)
 Metaspace       used 1941K, committed 1984K, reserved 1056768K
  class space    used 150K, committed 192K, reserved 1048576K

Heap Regions: E=young(eden), S=young(survivor), O=old, HS=humongous(starts), HC=humongous(continues), CS=collection set, F=free, OA=open archive, CA=closed archive, TAMS=top-at-mark-start (previous, next)
|   0|0x00000000c2c00000, 0x00000000c2c00000, 0x00000000c2d00000|  0%| F|  |TAMS 0x00000000c2c00000, 0x00000000c2c00000| Untracked 
|   1|0x00000000c2d00000, 0x00000000c2d00000, 0x00000000c2e00000|  0%| F|  |TAMS 0x00000000c2d00000, 0x00000000c2d00000| Untracked 
|   2|0x00000000c2e00000, 0x00000000c2e00000, 0x00000000c2f00000|  0%| F|  |TAMS 0x00000000c2e00000, 0x00000000c2e00000| Untracked 
|   3|0x00000000c2f00000, 0x00000000c2f00000, 0x00000000c3000000|  0%| F|  |TAMS 0x00000000c2f00000, 0x00000000c2f00000| Untracked 
|   4|0x00000000c3000000, 0x00000000c3000000, 0x00000000c3100000|  0%| F|  |TAMS 0x00000000c3000000, 0x00000000c3000000| Untracked 
|   5|0x00000000c3100000, 0x00000000c3100000, 0x00000000c3200000|  0%| F|  |TAMS 0x00000000c3100000, 0x00000000c3100000| Untracked 
|   6|0x00000000c3200000, 0x00000000c3200000, 0x00000000c3300000|  0%| F|  |TAMS 0x00000000c3200000, 0x00000000c3200000| Untracked 
|   7|0x00000000c3300000, 0x00000000c332e2a0, 0x00000000c3400000| 18%| E|  |TAMS 0x00000000c3300000, 0x00000000c3300000| Complete 

Card table byte_map: [0x00000164dfac0000,0x00000164dfcb0000] _byte_map_base: 0x00000164df4aa000

Marking Bits (Prev, Next): (CMBitMap*) 0x00000164c928bd50, (CMBitMap*) 0x00000164c928bd90
 Prev Bits: [0x00000164dfea0000, 0x00000164e0df0000)
 Next Bits: [0x00000164e0df0000, 0x00000164e1d40000)

Polling page: 0x00000164c8a40000

Metaspace:

Usage:
  Non-class:      1.75 MB used.
      Class:    150.17 KB used.
       Both:      1.90 MB used.

Virtual space:
  Non-class space:        8.00 MB reserved,       1.75 MB ( 22%) committed,  1 nodes.
      Class space:        1.00 GB reserved,     192.00 KB ( <1%) committed,  1 nodes.
             Both:        1.01 GB reserved,       1.94 MB ( <1%) committed. 

Chunk freelists:
   Non-Class:  0 bytes
       Class:  3.75 MB
        Both:  3.75 MB

MaxMetaspaceSize: unlimited
CompressedClassSpaceSize: 1.00 GB
Initial GC threshold: 21.00 MB
Current GC threshold: 17179869184.00 GB
CDS: off
MetaspaceReclaimPolicy: balanced
 - commit_granule_bytes: 65536.
 - commit_granule_words: 8192.
 - virtual_space_node_default_size: 1048576.
 - enlarge_chunks_in_place: 1.
 - new_chunks_are_fully_committed: 0.
 - uncommit_free_chunks: 1.
 - use_allocation_guard: 0.
 - handle_deallocations: 1.


Internal statistics:

num_allocs_failed_limit: 0.
num_arena_births: 2.
num_arena_deaths: 0.
num_vsnodes_births: 2.
num_vsnodes_deaths: 0.
num_space_committed: 31.
num_space_uncommitted: 0.
num_chunks_returned_to_freelist: 0.
num_chunks_taken_from_freelist: 3.
num_chunk_merges: 0.
num_chunk_splits: 1.
num_chunks_enlarged: 0.
num_purges: 0.
num_inconsistent_stats: 0.

CodeHeap 'non-profiled nmethods': size=120064Kb used=0Kb max_used=0Kb free=120064Kb
 bounds [0x00000164d8580000, 0x00000164d87f0000, 0x00000164dfac0000]
CodeHeap 'profiled nmethods': size=120000Kb used=0Kb max_used=0Kb free=120000Kb
 bounds [0x00000164d1050000, 0x00000164d12c0000, 0x00000164d8580000]
CodeHeap 'non-nmethods': size=5696Kb used=366Kb max_used=366Kb free=5329Kb
 bounds [0x00000164d0ac0000, 0x00000164d0d30000, 0x00000164d1050000]
 total_blobs=157 nmethods=0 adapters=131
 compilation: enabled
              stopped_count=0, restarted_count=0
 full_count=0

Compilation events (0 events):
No events

GC Heap History (0 events):
No events

Deoptimization events (0 events):
No events

Classes unloaded (0 events):
No events

Classes redefined (0 events):
No events

Internal exceptions (0 events):
No events

VM Operations (0 events):
No events

Events (20 events):
Event: 0.091 loading class jdk/internal/access/JavaLangRefAccess done
Event: 0.091 loading class java/lang/ref/Reference$1 done
Event: 0.091 loading class java/lang/ref/Finalizer$FinalizerThread
Event: 0.091 loading class java/lang/ref/Finalizer$FinalizerThread done
Event: 0.091 Thread 0x00000164800ee7b0 Thread added: 0x00000164800ee7b0
Event: 0.091 loading class java/lang/System$2
Event: 0.091 loading class jdk/internal/access/JavaLangAccess
Event: 0.091 loading class jdk/internal/access/JavaLangAccess done
Event: 0.092 loading class java/lang/System$2 done
Event: 0.092 loading class jdk/internal/util/SystemProps
Event: 0.092 loading class jdk/internal/util/SystemProps done
Event: 0.092 loading class jdk/internal/util/SystemProps$Raw
Event: 0.092 loading class jdk/internal/util/SystemProps$Raw done
Event: 0.093 loading class jdk/internal/misc/VM
Event: 0.093 loading class jdk/internal/misc/VM done
Event: 0.105 loading class java/lang/StringConcatHelper
Event: 0.105 loading class java/lang/StringConcatHelper done
Event: 0.106 loading class java/lang/VersionProps
Event: 0.106 loading class java/lang/VersionProps done
Event: 0.106 loading class java/util/Arrays


Dynamic libraries:
0x00007ff632ab0000 - 0x00007ff632ab8000 	C:\Program Files\Java\jdk-17.0.2\bin\javac.exe
0x00007ffd30120000 - 0x00007ffd30329000 	C:\WINDOWS\SYSTEM32\ntdll.dll
0x00007ffd2f120000 - 0x00007ffd2f1de000 	C:\WINDOWS\System32\KERNEL32.DLL
0x00007ffd2d8f0000 - 0x00007ffd2dc6b000 	C:\WINDOWS\System32\KERNELBASE.dll
0x00007ffd2dc70000 - 0x00007ffd2dd81000 	C:\WINDOWS\System32\ucrtbase.dll
0x00007ffd25bf0000 - 0x00007ffd25c08000 	C:\Program Files\Java\jdk-17.0.2\bin\jli.dll
0x00007ffd2e990000 - 0x00007ffd2ea3e000 	C:\WINDOWS\System32\ADVAPI32.dll
0x00007ffd2fad0000 - 0x00007ffd2fb73000 	C:\WINDOWS\System32\msvcrt.dll
0x00007ffd2fa30000 - 0x00007ffd2face000 	C:\WINDOWS\System32\sechost.dll
0x00007ffd2fe60000 - 0x00007ffd2ff80000 	C:\WINDOWS\System32\RPCRT4.dll
0x00007ffd2dfa0000 - 0x00007ffd2e14d000 	C:\WINDOWS\System32\USER32.dll
0x00007ffd2df70000 - 0x00007ffd2df96000 	C:\WINDOWS\System32\win32u.dll
0x00007ffcdd730000 - 0x00007ffcdd74a000 	C:\Program Files\Java\jdk-17.0.2\bin\VCRUNTIME140.dll
0x00007ffd102d0000 - 0x00007ffd10575000 	C:\WINDOWS\WinSxS\amd64_microsoft.windows.common-controls_6595b64144ccf1df_6.0.22000.120_none_9d947278b86cc467\COMCTL32.dll
0x00007ffd2ef50000 - 0x00007ffd2ef79000 	C:\WINDOWS\System32\GDI32.dll
0x00007ffd2d670000 - 0x00007ffd2d788000 	C:\WINDOWS\System32\gdi32full.dll
0x00007ffd2d790000 - 0x00007ffd2d82d000 	C:\WINDOWS\System32\msvcp_win.dll
0x00007ffd23dc0000 - 0x00007ffd23dca000 	C:\WINDOWS\SYSTEM32\VERSION.dll
0x00007ffd2eeb0000 - 0x00007ffd2eee2000 	C:\WINDOWS\System32\IMM32.DLL
0x00007ffcdcff0000 - 0x00007ffcdcffc000 	C:\Program Files\Java\jdk-17.0.2\bin\vcruntime140_1.dll
0x00007ffcd7970000 - 0x00007ffcd79fd000 	C:\Program Files\Java\jdk-17.0.2\bin\msvcp140.dll
0x00007ffcd7d20000 - 0x00007ffcd88e1000 	C:\Program Files\Java\jdk-17.0.2\bin\server\jvm.dll
0x00007ffd2f1e0000 - 0x00007ffd2f1e8000 	C:\WINDOWS\System32\PSAPI.DLL
0x00007ffcdd750000 - 0x00007ffcdd759000 	C:\WINDOWS\SYSTEM32\WSOCK32.dll
0x00007ffd2e230000 - 0x00007ffd2e29f000 	C:\WINDOWS\System32\WS2_32.dll
0x00007ffd27ac0000 - 0x00007ffd27af3000 	C:\WINDOWS\SYSTEM32\WINMM.dll
0x00007ffd2c670000 - 0x00007ffd2c688000 	C:\WINDOWS\SYSTEM32\kernel.appcore.dll
0x00007ffcdcfe0000 - 0x00007ffcdcfea000 	C:\Program Files\Java\jdk-17.0.2\bin\jimage.dll
0x00007ffd27890000 - 0x00007ffd27ab1000 	C:\WINDOWS\SYSTEM32\DBGHELP.DLL
0x00007ffd12ea0000 - 0x00007ffd12ed1000 	C:\WINDOWS\SYSTEM32\dbgcore.DLL
0x00007ffd2d5f0000 - 0x00007ffd2d66f000 	C:\WINDOWS\System32\bcryptPrimitives.dll
0x00007ffcdcba0000 - 0x00007ffcdcbc5000 	C:\Program Files\Java\jdk-17.0.2\bin\java.dll
0x00007ffcd7c00000 - 0x00007ffcd7cd6000 	C:\Program Files\Java\jdk-17.0.2\bin\jsvml.dll
0x00007ffd2f250000 - 0x00007ffd2fa08000 	C:\WINDOWS\System32\SHELL32.dll
0x00007ffd2b6e0000 - 0x00007ffd2bf45000 	C:\WINDOWS\SYSTEM32\windows.storage.dll
0x00007ffd2e2a0000 - 0x00007ffd2e618000 	C:\WINDOWS\System32\combase.dll
0x00007ffd2b570000 - 0x00007ffd2b6d6000 	C:\WINDOWS\SYSTEM32\wintypes.dll
0x00007ffd2f010000 - 0x00007ffd2f0fa000 	C:\WINDOWS\System32\SHCORE.dll
0x00007ffd2f1f0000 - 0x00007ffd2f24d000 	C:\WINDOWS\System32\shlwapi.dll
0x00007ffd2d520000 - 0x00007ffd2d541000 	C:\WINDOWS\SYSTEM32\profapi.dll

dbghelp: loaded successfully - version: 4.0.5 - missing functions: none
symbol engine: initialized successfully - sym options: 0x614 - pdb path: .;C:\Program Files\Java\jdk-17.0.2\bin;C:\WINDOWS\SYSTEM32;C:\WINDOWS\WinSxS\amd64_microsoft.windows.common-controls_6595b64144ccf1df_6.0.22000.120_none_9d947278b86cc467;C:\Program Files\Java\jdk-17.0.2\bin\server

VM Arguments:
jvm_args: -Dapplication.home=C:\Program Files\Java\jdk-17.0.2 --add-modules=ALL-DEFAULT -Xms8m -Djdk.module.main=jdk.compiler 
java_command: jdk.compiler/com.sun.tools.javac.Main -d C:\Users\miche\OneDrive\Documentos\NetBeansProjects\Cinemovie\Cinemovie\build\classes -classpath C:\Users\miche\OneDrive\Documentos\NetBeansProjects\Cinemovie\Cinemovie\build\classes;C:\Users\miche\Downloads\mysql-connector-java-8.0.30\mysql-connector-java-8.0.30\mysql-connector-java-8.0.30.jar -sourcepath C:\Users\miche\OneDrive\Documentos\NetBeansProjects\Cinemovie\Cinemovie\src -target 17 -encoding UTF-8 -g -processorpath C:\Users\miche\OneDrive\Downloads\mysql-connector-java-8.0.30\mysql-connector-java-8.0.30\mysql-connector-java-8.0.30.jar;C:\Users\miche\Downloads\mysql-connector-java-8.0.30\mysql-connector-java-8.0.30\mysql-connector-java-8.0.30.jar;C:\Users\miche\OneDrive\Documentos\NetBeansProjects\Cinemovie\Cinemovie\build\empty -s C:\Users\miche\OneDrive\Documentos\NetBeansProjects\Cinemovie\Cinemovie\build\generated-sources\ap-source-output -source 17 C:\Users\miche\OneDrive\Documentos\NetBeansProjects\Cinemovie\Cinemovie\src\mx\itson\cinemovie\presentacion\Actores.java
java_class_path (initial): <not set>
Launcher Type: SUN_STANDARD

[Global flags]
     intx CICompilerCount                          = 2                                         {product} {ergonomic}
     uint ConcGCThreads                            = 1                                         {product} {ergonomic}
     uint G1ConcRefinementThreads                  = 2                                         {product} {ergonomic}
   size_t G1HeapRegionSize                         = 1048576                                   {product} {ergonomic}
    uintx GCDrainStackTargetSize                   = 64                                        {product} {ergonomic}
   size_t InitialHeapSize                          = 8388608                                   {product} {command line}
   size_t MarkStackSize                            = 4194304                                   {product} {ergonomic}
   size_t MaxHeapSize                              = 1027604480                                {product} {ergonomic}
   size_t MaxNewSize                               = 616562688                                 {product} {ergonomic}
   size_t MinHeapDeltaBytes                        = 1048576                                   {product} {ergonomic}
   size_t MinHeapSize                              = 8388608                                   {product} {command line}
    uintx NonNMethodCodeHeapSize                   = 5826188                                {pd product} {ergonomic}
    uintx NonProfiledCodeHeapSize                  = 122916026                              {pd product} {ergonomic}
    uintx ProfiledCodeHeapSize                     = 122916026                              {pd product} {ergonomic}
    uintx ReservedCodeCacheSize                    = 251658240                              {pd product} {ergonomic}
     bool SegmentedCodeCache                       = true                                      {product} {ergonomic}
   size_t SoftMaxHeapSize                          = 1027604480                             {manageable} {ergonomic}
     bool UseCompressedClassPointers               = true                           {product lp64_product} {ergonomic}
     bool UseCompressedOops                        = true                           {product lp64_product} {ergonomic}
     bool UseG1GC                                  = true                                      {product} {ergonomic}
     bool UseLargePagesIndividualAllocation        = false                                  {pd product} {ergonomic}

Logging:
Log output configuration:
 #0: stdout all=warning uptime,level,tags
 #1: stderr all=off uptime,level,tags

Environment Variables:
PATH=C:\Program Files\Common Files\Oracle\Java\javapath;C:\Program Files (x86)\Common Files\Oracle\Java\javapath;C:\WINDOWS\system32;C:\WINDOWS;C:\WINDOWS\System32\Wbem;C:\WINDOWS\System32\WindowsPowerShell\v1.0\;C:\WINDOWS\System32\OpenSSH\;C:\Program Files\Git\cmd;C:\Program Files\Microsoft SQL Server\150\Tools\Binn\;C:\Program Files\Microsoft SQL Server\Client SDK\ODBC\170\Tools\Binn\;C:\Program Files\dotnet\;C:\Users\miche\AppData\Local\Microsoft\WindowsApps;C:\Users\miche\AppData\Local\GitHubDesktop\bin;C:\Users\miche\.dotnet\tools
USERNAME=miche
OS=Windows_NT
PROCESSOR_IDENTIFIER=Intel64 Family 6 Model 122 Stepping 8, GenuineIntel



---------------  S Y S T E M  ---------------

OS:
 Windows 11 , 64 bit Build 22000 (10.0.22000.1219)
OS uptime: 0 days 3:44 hours

CPU: total 2 (initial active 2) (2 cores per cpu, 1 threads per core) family 6 model 122 stepping 8 microcode 0x1c, cx8, cmov, fxsr, mmx, 3dnowpref, sse, sse2, sse3, ssse3, sse4.1, sse4.2, popcnt, tsc, tscinvbit, aes, erms, clmul, sha, clflush, clflushopt

Memory: 4k page, system-wide physical 3914M (561M free)
TotalPageFile size 7317M (AvailPageFile size 3M)
current process WorkingSet (physical memory assigned to process): 18M, peak: 18M
current process commit charge ("private bytes"): 60M, peak: 60M

vm_info: Java HotSpot(TM) 64-Bit Server VM (17.0.2+8-LTS-86) for windows-amd64 JRE (17.0.2+8-LTS-86), built on Dec  7 2021 21:51:03 by "mach5one" with MS VC++ 16.8 / 16.9 (VS2019)

END.
